{"no-map/BaselineEngine": {"fnMap":{},"branchMap":{},"path":"no-map/BaselineEngine","f":{},"b":{},"s":{"30":0,"31":0,"32":0,"33":1,"34":1,"35":1,"36":1,"37":1,"38":1,"39":1,"40":1,"41":1,"42":1,"43":1,"44":1,"45":1,"46":1,"47":1,"48":1,"49":1,"50":1,"51":0,"52":1,"53":1,"54":1,"55":1,"56":1,"57":1,"58":1,"59":1,"60":1,"61":1,"62":1,"63":1,"64":1,"65":1,"66":1,"67":1,"68":1,"69":1,"70":1,"71":1,"72":1,"73":1,"74":1,"75":1,"76":1,"77":1,"78":0,"79":0,"80":0,"81":0,"82":0,"83":1,"84":0,"85":0,"86":1,"87":1,"88":1,"89":1,"90":1,"91":1,"92":1,"93":1,"94":1,"95":1,"96":1,"97":1,"98":1,"99":1,"100":1,"101":1,"102":1,"103":1,"104":1,"105":1,"106":1,"107":1,"108":1,"109":1,"110":1,"111":1,"112":1,"113":1,"114":1,"115":1,"116":1,"117":1,"118":1,"119":1,"120":1,"121":1,"122":1,"123":1,"124":1,"125":1,"126":1,"127":1,"128":1,"129":1,"130":1,"131":1,"132":1,"133":1,"134":1,"135":1,"136":1,"137":1,"138":1,"139":1,"140":1,"141":1,"142":1,"143":1,"144":1,"145":1,"146":1,"147":1,"148":1,"149":1,"150":1,"151":1,"152":1,"153":1,"154":1,"155":1,"156":1,"157":1,"158":1,"159":1,"160":1,"161":1,"162":1,"163":1,"164":1,"165":1,"166":1,"167":1,"168":1,"169":1,"170":1,"171":1,"172":1,"173":1,"174":1,"175":0,"176":1,"177":1,"178":1,"179":1,"180":1,"181":1,"182":1,"183":1,"184":1,"185":1,"186":1,"187":1,"188":1,"189":1,"190":1,"191":1,"192":1,"193":1,"194":1,"216":0,"224":0,"239":0,"244":0,"245":0,"248":0,"255":0,"322":0,"340":0},"statementMap":{"30":{"start":{"line":30,"column":0},"end":{"line":30,"column":0}},"31":{"start":{"line":31,"column":0},"end":{"line":31,"column":0}},"32":{"start":{"line":32,"column":0},"end":{"line":32,"column":0}},"33":{"start":{"line":33,"column":0},"end":{"line":33,"column":0}},"34":{"start":{"line":34,"column":0},"end":{"line":34,"column":0}},"35":{"start":{"line":35,"column":0},"end":{"line":35,"column":0}},"36":{"start":{"line":36,"column":0},"end":{"line":36,"column":0}},"37":{"start":{"line":37,"column":0},"end":{"line":37,"column":0}},"38":{"start":{"line":38,"column":0},"end":{"line":38,"column":0}},"39":{"start":{"line":39,"column":0},"end":{"line":39,"column":0}},"40":{"start":{"line":40,"column":0},"end":{"line":40,"column":0}},"41":{"start":{"line":41,"column":0},"end":{"line":41,"column":0}},"42":{"start":{"line":42,"column":0},"end":{"line":42,"column":0}},"43":{"start":{"line":43,"column":0},"end":{"line":43,"column":0}},"44":{"start":{"line":44,"column":0},"end":{"line":44,"column":0}},"45":{"start":{"line":45,"column":0},"end":{"line":45,"column":0}},"46":{"start":{"line":46,"column":0},"end":{"line":46,"column":0}},"47":{"start":{"line":47,"column":0},"end":{"line":47,"column":0}},"48":{"start":{"line":48,"column":0},"end":{"line":48,"column":0}},"49":{"start":{"line":49,"column":0},"end":{"line":49,"column":0}},"50":{"start":{"line":50,"column":0},"end":{"line":50,"column":0}},"51":{"start":{"line":51,"column":0},"end":{"line":51,"column":0}},"52":{"start":{"line":52,"column":0},"end":{"line":52,"column":0}},"53":{"start":{"line":53,"column":0},"end":{"line":53,"column":0}},"54":{"start":{"line":54,"column":0},"end":{"line":54,"column":0}},"55":{"start":{"line":55,"column":0},"end":{"line":55,"column":0}},"56":{"start":{"line":56,"column":0},"end":{"line":56,"column":0}},"57":{"start":{"line":57,"column":0},"end":{"line":57,"column":0}},"58":{"start":{"line":58,"column":0},"end":{"line":58,"column":0}},"59":{"start":{"line":59,"column":0},"end":{"line":59,"column":0}},"60":{"start":{"line":60,"column":0},"end":{"line":60,"column":0}},"61":{"start":{"line":61,"column":0},"end":{"line":61,"column":0}},"62":{"start":{"line":62,"column":0},"end":{"line":62,"column":0}},"63":{"start":{"line":63,"column":0},"end":{"line":63,"column":0}},"64":{"start":{"line":64,"column":0},"end":{"line":64,"column":0}},"65":{"start":{"line":65,"column":0},"end":{"line":65,"column":0}},"66":{"start":{"line":66,"column":0},"end":{"line":66,"column":0}},"67":{"start":{"line":67,"column":0},"end":{"line":67,"column":0}},"68":{"start":{"line":68,"column":0},"end":{"line":68,"column":0}},"69":{"start":{"line":69,"column":0},"end":{"line":69,"column":0}},"70":{"start":{"line":70,"column":0},"end":{"line":70,"column":0}},"71":{"start":{"line":71,"column":0},"end":{"line":71,"column":0}},"72":{"start":{"line":72,"column":0},"end":{"line":72,"column":0}},"73":{"start":{"line":73,"column":0},"end":{"line":73,"column":0}},"74":{"start":{"line":74,"column":0},"end":{"line":74,"column":0}},"75":{"start":{"line":75,"column":0},"end":{"line":75,"column":0}},"76":{"start":{"line":76,"column":0},"end":{"line":76,"column":0}},"77":{"start":{"line":77,"column":0},"end":{"line":77,"column":0}},"78":{"start":{"line":78,"column":0},"end":{"line":78,"column":0}},"79":{"start":{"line":79,"column":0},"end":{"line":79,"column":0}},"80":{"start":{"line":80,"column":0},"end":{"line":80,"column":0}},"81":{"start":{"line":81,"column":0},"end":{"line":81,"column":0}},"82":{"start":{"line":82,"column":0},"end":{"line":82,"column":0}},"83":{"start":{"line":83,"column":0},"end":{"line":83,"column":0}},"84":{"start":{"line":84,"column":0},"end":{"line":84,"column":0}},"85":{"start":{"line":85,"column":0},"end":{"line":85,"column":0}},"86":{"start":{"line":86,"column":0},"end":{"line":86,"column":0}},"87":{"start":{"line":87,"column":0},"end":{"line":87,"column":0}},"88":{"start":{"line":88,"column":0},"end":{"line":88,"column":0}},"89":{"start":{"line":89,"column":0},"end":{"line":89,"column":0}},"90":{"start":{"line":90,"column":0},"end":{"line":90,"column":0}},"91":{"start":{"line":91,"column":0},"end":{"line":91,"column":0}},"92":{"start":{"line":92,"column":0},"end":{"line":92,"column":0}},"93":{"start":{"line":93,"column":0},"end":{"line":93,"column":0}},"94":{"start":{"line":94,"column":0},"end":{"line":94,"column":0}},"95":{"start":{"line":95,"column":0},"end":{"line":95,"column":0}},"96":{"start":{"line":96,"column":0},"end":{"line":96,"column":0}},"97":{"start":{"line":97,"column":0},"end":{"line":97,"column":0}},"98":{"start":{"line":98,"column":0},"end":{"line":98,"column":0}},"99":{"start":{"line":99,"column":0},"end":{"line":99,"column":0}},"100":{"start":{"line":100,"column":0},"end":{"line":100,"column":0}},"101":{"start":{"line":101,"column":0},"end":{"line":101,"column":0}},"102":{"start":{"line":102,"column":0},"end":{"line":102,"column":0}},"103":{"start":{"line":103,"column":0},"end":{"line":103,"column":0}},"104":{"start":{"line":104,"column":0},"end":{"line":104,"column":0}},"105":{"start":{"line":105,"column":0},"end":{"line":105,"column":0}},"106":{"start":{"line":106,"column":0},"end":{"line":106,"column":0}},"107":{"start":{"line":107,"column":0},"end":{"line":107,"column":0}},"108":{"start":{"line":108,"column":0},"end":{"line":108,"column":0}},"109":{"start":{"line":109,"column":0},"end":{"line":109,"column":0}},"110":{"start":{"line":110,"column":0},"end":{"line":110,"column":0}},"111":{"start":{"line":111,"column":0},"end":{"line":111,"column":0}},"112":{"start":{"line":112,"column":0},"end":{"line":112,"column":0}},"113":{"start":{"line":113,"column":0},"end":{"line":113,"column":0}},"114":{"start":{"line":114,"column":0},"end":{"line":114,"column":0}},"115":{"start":{"line":115,"column":0},"end":{"line":115,"column":0}},"116":{"start":{"line":116,"column":0},"end":{"line":116,"column":0}},"117":{"start":{"line":117,"column":0},"end":{"line":117,"column":0}},"118":{"start":{"line":118,"column":0},"end":{"line":118,"column":0}},"119":{"start":{"line":119,"column":0},"end":{"line":119,"column":0}},"120":{"start":{"line":120,"column":0},"end":{"line":120,"column":0}},"121":{"start":{"line":121,"column":0},"end":{"line":121,"column":0}},"122":{"start":{"line":122,"column":0},"end":{"line":122,"column":0}},"123":{"start":{"line":123,"column":0},"end":{"line":123,"column":0}},"124":{"start":{"line":124,"column":0},"end":{"line":124,"column":0}},"125":{"start":{"line":125,"column":0},"end":{"line":125,"column":0}},"126":{"start":{"line":126,"column":0},"end":{"line":126,"column":0}},"127":{"start":{"line":127,"column":0},"end":{"line":127,"column":0}},"128":{"start":{"line":128,"column":0},"end":{"line":128,"column":0}},"129":{"start":{"line":129,"column":0},"end":{"line":129,"column":0}},"130":{"start":{"line":130,"column":0},"end":{"line":130,"column":0}},"131":{"start":{"line":131,"column":0},"end":{"line":131,"column":0}},"132":{"start":{"line":132,"column":0},"end":{"line":132,"column":0}},"133":{"start":{"line":133,"column":0},"end":{"line":133,"column":0}},"134":{"start":{"line":134,"column":0},"end":{"line":134,"column":0}},"135":{"start":{"line":135,"column":0},"end":{"line":135,"column":0}},"136":{"start":{"line":136,"column":0},"end":{"line":136,"column":0}},"137":{"start":{"line":137,"column":0},"end":{"line":137,"column":0}},"138":{"start":{"line":138,"column":0},"end":{"line":138,"column":0}},"139":{"start":{"line":139,"column":0},"end":{"line":139,"column":0}},"140":{"start":{"line":140,"column":0},"end":{"line":140,"column":0}},"141":{"start":{"line":141,"column":0},"end":{"line":141,"column":0}},"142":{"start":{"line":142,"column":0},"end":{"line":142,"column":0}},"143":{"start":{"line":143,"column":0},"end":{"line":143,"column":0}},"144":{"start":{"line":144,"column":0},"end":{"line":144,"column":0}},"145":{"start":{"line":145,"column":0},"end":{"line":145,"column":0}},"146":{"start":{"line":146,"column":0},"end":{"line":146,"column":0}},"147":{"start":{"line":147,"column":0},"end":{"line":147,"column":0}},"148":{"start":{"line":148,"column":0},"end":{"line":148,"column":0}},"149":{"start":{"line":149,"column":0},"end":{"line":149,"column":0}},"150":{"start":{"line":150,"column":0},"end":{"line":150,"column":0}},"151":{"start":{"line":151,"column":0},"end":{"line":151,"column":0}},"152":{"start":{"line":152,"column":0},"end":{"line":152,"column":0}},"153":{"start":{"line":153,"column":0},"end":{"line":153,"column":0}},"154":{"start":{"line":154,"column":0},"end":{"line":154,"column":0}},"155":{"start":{"line":155,"column":0},"end":{"line":155,"column":0}},"156":{"start":{"line":156,"column":0},"end":{"line":156,"column":0}},"157":{"start":{"line":157,"column":0},"end":{"line":157,"column":0}},"158":{"start":{"line":158,"column":0},"end":{"line":158,"column":0}},"159":{"start":{"line":159,"column":0},"end":{"line":159,"column":0}},"160":{"start":{"line":160,"column":0},"end":{"line":160,"column":0}},"161":{"start":{"line":161,"column":0},"end":{"line":161,"column":0}},"162":{"start":{"line":162,"column":0},"end":{"line":162,"column":0}},"163":{"start":{"line":163,"column":0},"end":{"line":163,"column":0}},"164":{"start":{"line":164,"column":0},"end":{"line":164,"column":0}},"165":{"start":{"line":165,"column":0},"end":{"line":165,"column":0}},"166":{"start":{"line":166,"column":0},"end":{"line":166,"column":0}},"167":{"start":{"line":167,"column":0},"end":{"line":167,"column":0}},"168":{"start":{"line":168,"column":0},"end":{"line":168,"column":0}},"169":{"start":{"line":169,"column":0},"end":{"line":169,"column":0}},"170":{"start":{"line":170,"column":0},"end":{"line":170,"column":0}},"171":{"start":{"line":171,"column":0},"end":{"line":171,"column":0}},"172":{"start":{"line":172,"column":0},"end":{"line":172,"column":0}},"173":{"start":{"line":173,"column":0},"end":{"line":173,"column":0}},"174":{"start":{"line":174,"column":0},"end":{"line":174,"column":0}},"175":{"start":{"line":175,"column":0},"end":{"line":175,"column":0}},"176":{"start":{"line":176,"column":0},"end":{"line":176,"column":0}},"177":{"start":{"line":177,"column":0},"end":{"line":177,"column":0}},"178":{"start":{"line":178,"column":0},"end":{"line":178,"column":0}},"179":{"start":{"line":179,"column":0},"end":{"line":179,"column":0}},"180":{"start":{"line":180,"column":0},"end":{"line":180,"column":0}},"181":{"start":{"line":181,"column":0},"end":{"line":181,"column":0}},"182":{"start":{"line":182,"column":0},"end":{"line":182,"column":0}},"183":{"start":{"line":183,"column":0},"end":{"line":183,"column":0}},"184":{"start":{"line":184,"column":0},"end":{"line":184,"column":0}},"185":{"start":{"line":185,"column":0},"end":{"line":185,"column":0}},"186":{"start":{"line":186,"column":0},"end":{"line":186,"column":0}},"187":{"start":{"line":187,"column":0},"end":{"line":187,"column":0}},"188":{"start":{"line":188,"column":0},"end":{"line":188,"column":0}},"189":{"start":{"line":189,"column":0},"end":{"line":189,"column":0}},"190":{"start":{"line":190,"column":0},"end":{"line":190,"column":0}},"191":{"start":{"line":191,"column":0},"end":{"line":191,"column":0}},"192":{"start":{"line":192,"column":0},"end":{"line":192,"column":0}},"193":{"start":{"line":193,"column":0},"end":{"line":193,"column":0}},"194":{"start":{"line":194,"column":0},"end":{"line":194,"column":0}},"216":{"start":{"line":216,"column":0},"end":{"line":216,"column":0}},"224":{"start":{"line":224,"column":0},"end":{"line":224,"column":0}},"239":{"start":{"line":239,"column":0},"end":{"line":239,"column":0}},"244":{"start":{"line":244,"column":0},"end":{"line":244,"column":0}},"245":{"start":{"line":245,"column":0},"end":{"line":245,"column":0}},"248":{"start":{"line":248,"column":0},"end":{"line":248,"column":0}},"255":{"start":{"line":255,"column":0},"end":{"line":255,"column":0}},"322":{"start":{"line":322,"column":0},"end":{"line":322,"column":0}},"340":{"start":{"line":340,"column":0},"end":{"line":340,"column":0}}}}
,"no-map/BaselinePruner": {"fnMap":{},"branchMap":{},"path":"no-map/BaselinePruner","f":{},"b":{},"s":{"16":0,"17":1,"18":1,"19":1},"statementMap":{"16":{"start":{"line":16,"column":0},"end":{"line":16,"column":0}},"17":{"start":{"line":17,"column":0},"end":{"line":17,"column":0}},"18":{"start":{"line":18,"column":0},"end":{"line":18,"column":0}},"19":{"start":{"line":19,"column":0},"end":{"line":19,"column":0}}}}
,"no-map/CapabilityProbe": {"fnMap":{},"branchMap":{},"path":"no-map/CapabilityProbe","f":{},"b":{},"s":{"50":0,"51":0,"52":1,"53":1,"54":1,"55":1,"56":1,"57":1,"58":1,"59":1,"60":1,"61":1,"62":1,"63":0,"64":0,"65":1,"66":1,"67":1,"68":1,"69":1,"70":1,"71":1,"72":0,"73":1,"74":1,"75":1,"76":1,"77":1},"statementMap":{"50":{"start":{"line":50,"column":0},"end":{"line":50,"column":0}},"51":{"start":{"line":51,"column":0},"end":{"line":51,"column":0}},"52":{"start":{"line":52,"column":0},"end":{"line":52,"column":0}},"53":{"start":{"line":53,"column":0},"end":{"line":53,"column":0}},"54":{"start":{"line":54,"column":0},"end":{"line":54,"column":0}},"55":{"start":{"line":55,"column":0},"end":{"line":55,"column":0}},"56":{"start":{"line":56,"column":0},"end":{"line":56,"column":0}},"57":{"start":{"line":57,"column":0},"end":{"line":57,"column":0}},"58":{"start":{"line":58,"column":0},"end":{"line":58,"column":0}},"59":{"start":{"line":59,"column":0},"end":{"line":59,"column":0}},"60":{"start":{"line":60,"column":0},"end":{"line":60,"column":0}},"61":{"start":{"line":61,"column":0},"end":{"line":61,"column":0}},"62":{"start":{"line":62,"column":0},"end":{"line":62,"column":0}},"63":{"start":{"line":63,"column":0},"end":{"line":63,"column":0}},"64":{"start":{"line":64,"column":0},"end":{"line":64,"column":0}},"65":{"start":{"line":65,"column":0},"end":{"line":65,"column":0}},"66":{"start":{"line":66,"column":0},"end":{"line":66,"column":0}},"67":{"start":{"line":67,"column":0},"end":{"line":67,"column":0}},"68":{"start":{"line":68,"column":0},"end":{"line":68,"column":0}},"69":{"start":{"line":69,"column":0},"end":{"line":69,"column":0}},"70":{"start":{"line":70,"column":0},"end":{"line":70,"column":0}},"71":{"start":{"line":71,"column":0},"end":{"line":71,"column":0}},"72":{"start":{"line":72,"column":0},"end":{"line":72,"column":0}},"73":{"start":{"line":73,"column":0},"end":{"line":73,"column":0}},"74":{"start":{"line":74,"column":0},"end":{"line":74,"column":0}},"75":{"start":{"line":75,"column":0},"end":{"line":75,"column":0}},"76":{"start":{"line":76,"column":0},"end":{"line":76,"column":0}},"77":{"start":{"line":77,"column":0},"end":{"line":77,"column":0}}}}
,"no-map/CapabilityProbeController": {"fnMap":{},"branchMap":{},"path":"no-map/CapabilityProbeController","f":{},"b":{},"s":{"34":0,"35":0,"36":0,"37":0,"38":0,"39":1,"40":1,"41":1,"42":1,"43":1,"44":1,"45":1,"46":1,"47":1,"48":1},"statementMap":{"34":{"start":{"line":34,"column":0},"end":{"line":34,"column":0}},"35":{"start":{"line":35,"column":0},"end":{"line":35,"column":0}},"36":{"start":{"line":36,"column":0},"end":{"line":36,"column":0}},"37":{"start":{"line":37,"column":0},"end":{"line":37,"column":0}},"38":{"start":{"line":38,"column":0},"end":{"line":38,"column":0}},"39":{"start":{"line":39,"column":0},"end":{"line":39,"column":0}},"40":{"start":{"line":40,"column":0},"end":{"line":40,"column":0}},"41":{"start":{"line":41,"column":0},"end":{"line":41,"column":0}},"42":{"start":{"line":42,"column":0},"end":{"line":42,"column":0}},"43":{"start":{"line":43,"column":0},"end":{"line":43,"column":0}},"44":{"start":{"line":44,"column":0},"end":{"line":44,"column":0}},"45":{"start":{"line":45,"column":0},"end":{"line":45,"column":0}},"46":{"start":{"line":46,"column":0},"end":{"line":46,"column":0}},"47":{"start":{"line":47,"column":0},"end":{"line":47,"column":0}},"48":{"start":{"line":48,"column":0},"end":{"line":48,"column":0}}}}
,"no-map/ConnectedAppToolingService": {"fnMap":{},"branchMap":{},"path":"no-map/ConnectedAppToolingService","f":{},"b":{},"s":{"35":0,"36":0,"37":1,"38":1,"39":1,"40":1,"41":1,"42":1,"43":1,"44":1,"45":1,"46":1,"47":0,"48":1,"49":1,"50":1,"51":1,"52":1,"53":1,"54":1,"55":1,"56":0,"57":1,"58":1,"59":1,"60":1,"61":1,"62":1},"statementMap":{"35":{"start":{"line":35,"column":0},"end":{"line":35,"column":0}},"36":{"start":{"line":36,"column":0},"end":{"line":36,"column":0}},"37":{"start":{"line":37,"column":0},"end":{"line":37,"column":0}},"38":{"start":{"line":38,"column":0},"end":{"line":38,"column":0}},"39":{"start":{"line":39,"column":0},"end":{"line":39,"column":0}},"40":{"start":{"line":40,"column":0},"end":{"line":40,"column":0}},"41":{"start":{"line":41,"column":0},"end":{"line":41,"column":0}},"42":{"start":{"line":42,"column":0},"end":{"line":42,"column":0}},"43":{"start":{"line":43,"column":0},"end":{"line":43,"column":0}},"44":{"start":{"line":44,"column":0},"end":{"line":44,"column":0}},"45":{"start":{"line":45,"column":0},"end":{"line":45,"column":0}},"46":{"start":{"line":46,"column":0},"end":{"line":46,"column":0}},"47":{"start":{"line":47,"column":0},"end":{"line":47,"column":0}},"48":{"start":{"line":48,"column":0},"end":{"line":48,"column":0}},"49":{"start":{"line":49,"column":0},"end":{"line":49,"column":0}},"50":{"start":{"line":50,"column":0},"end":{"line":50,"column":0}},"51":{"start":{"line":51,"column":0},"end":{"line":51,"column":0}},"52":{"start":{"line":52,"column":0},"end":{"line":52,"column":0}},"53":{"start":{"line":53,"column":0},"end":{"line":53,"column":0}},"54":{"start":{"line":54,"column":0},"end":{"line":54,"column":0}},"55":{"start":{"line":55,"column":0},"end":{"line":55,"column":0}},"56":{"start":{"line":56,"column":0},"end":{"line":56,"column":0}},"57":{"start":{"line":57,"column":0},"end":{"line":57,"column":0}},"58":{"start":{"line":58,"column":0},"end":{"line":58,"column":0}},"59":{"start":{"line":59,"column":0},"end":{"line":59,"column":0}},"60":{"start":{"line":60,"column":0},"end":{"line":60,"column":0}},"61":{"start":{"line":61,"column":0},"end":{"line":61,"column":0}},"62":{"start":{"line":62,"column":0},"end":{"line":62,"column":0}}}}
,"no-map/DetectionContext": {"fnMap":{},"branchMap":{},"path":"no-map/DetectionContext","f":{},"b":{},"s":{"1":1,"2":1,"3":1,"4":1,"5":1,"6":1,"7":1},"statementMap":{"1":{"start":{"line":1,"column":0},"end":{"line":1,"column":0}},"2":{"start":{"line":2,"column":0},"end":{"line":2,"column":0}},"3":{"start":{"line":3,"column":0},"end":{"line":3,"column":0}},"4":{"start":{"line":4,"column":0},"end":{"line":4,"column":0}},"5":{"start":{"line":5,"column":0},"end":{"line":5,"column":0}},"6":{"start":{"line":6,"column":0},"end":{"line":6,"column":0}},"7":{"start":{"line":7,"column":0},"end":{"line":7,"column":0}}}}
,"no-map/DetectionEngine": {"fnMap":{},"branchMap":{},"path":"no-map/DetectionEngine","f":{},"b":{},"s":{"44":0,"45":0,"46":0,"47":0,"48":0,"49":1,"50":0,"51":1,"52":0,"53":0,"54":0,"55":0,"56":1,"57":0,"58":0,"59":0,"60":0,"61":0,"62":0,"63":0,"64":1,"65":0,"66":0,"67":0,"68":1,"69":0,"70":0,"71":0,"72":0,"73":0,"74":0,"75":0,"76":1,"77":0,"78":0,"79":0,"80":0,"81":1,"82":1,"83":1,"84":1,"85":1,"86":1,"87":1,"88":1,"89":1,"90":1,"91":1,"92":0,"93":0,"94":0,"95":0,"96":1,"97":0,"98":0,"99":1,"100":0,"101":0,"102":1,"103":0,"104":1,"105":1,"106":1,"107":1,"108":1,"109":1,"110":0,"111":0,"112":0,"114":0,"115":0,"116":0,"118":0,"119":0,"120":0,"122":0,"133":0,"134":0,"135":0,"136":0,"137":0,"140":0},"statementMap":{"44":{"start":{"line":44,"column":0},"end":{"line":44,"column":0}},"45":{"start":{"line":45,"column":0},"end":{"line":45,"column":0}},"46":{"start":{"line":46,"column":0},"end":{"line":46,"column":0}},"47":{"start":{"line":47,"column":0},"end":{"line":47,"column":0}},"48":{"start":{"line":48,"column":0},"end":{"line":48,"column":0}},"49":{"start":{"line":49,"column":0},"end":{"line":49,"column":0}},"50":{"start":{"line":50,"column":0},"end":{"line":50,"column":0}},"51":{"start":{"line":51,"column":0},"end":{"line":51,"column":0}},"52":{"start":{"line":52,"column":0},"end":{"line":52,"column":0}},"53":{"start":{"line":53,"column":0},"end":{"line":53,"column":0}},"54":{"start":{"line":54,"column":0},"end":{"line":54,"column":0}},"55":{"start":{"line":55,"column":0},"end":{"line":55,"column":0}},"56":{"start":{"line":56,"column":0},"end":{"line":56,"column":0}},"57":{"start":{"line":57,"column":0},"end":{"line":57,"column":0}},"58":{"start":{"line":58,"column":0},"end":{"line":58,"column":0}},"59":{"start":{"line":59,"column":0},"end":{"line":59,"column":0}},"60":{"start":{"line":60,"column":0},"end":{"line":60,"column":0}},"61":{"start":{"line":61,"column":0},"end":{"line":61,"column":0}},"62":{"start":{"line":62,"column":0},"end":{"line":62,"column":0}},"63":{"start":{"line":63,"column":0},"end":{"line":63,"column":0}},"64":{"start":{"line":64,"column":0},"end":{"line":64,"column":0}},"65":{"start":{"line":65,"column":0},"end":{"line":65,"column":0}},"66":{"start":{"line":66,"column":0},"end":{"line":66,"column":0}},"67":{"start":{"line":67,"column":0},"end":{"line":67,"column":0}},"68":{"start":{"line":68,"column":0},"end":{"line":68,"column":0}},"69":{"start":{"line":69,"column":0},"end":{"line":69,"column":0}},"70":{"start":{"line":70,"column":0},"end":{"line":70,"column":0}},"71":{"start":{"line":71,"column":0},"end":{"line":71,"column":0}},"72":{"start":{"line":72,"column":0},"end":{"line":72,"column":0}},"73":{"start":{"line":73,"column":0},"end":{"line":73,"column":0}},"74":{"start":{"line":74,"column":0},"end":{"line":74,"column":0}},"75":{"start":{"line":75,"column":0},"end":{"line":75,"column":0}},"76":{"start":{"line":76,"column":0},"end":{"line":76,"column":0}},"77":{"start":{"line":77,"column":0},"end":{"line":77,"column":0}},"78":{"start":{"line":78,"column":0},"end":{"line":78,"column":0}},"79":{"start":{"line":79,"column":0},"end":{"line":79,"column":0}},"80":{"start":{"line":80,"column":0},"end":{"line":80,"column":0}},"81":{"start":{"line":81,"column":0},"end":{"line":81,"column":0}},"82":{"start":{"line":82,"column":0},"end":{"line":82,"column":0}},"83":{"start":{"line":83,"column":0},"end":{"line":83,"column":0}},"84":{"start":{"line":84,"column":0},"end":{"line":84,"column":0}},"85":{"start":{"line":85,"column":0},"end":{"line":85,"column":0}},"86":{"start":{"line":86,"column":0},"end":{"line":86,"column":0}},"87":{"start":{"line":87,"column":0},"end":{"line":87,"column":0}},"88":{"start":{"line":88,"column":0},"end":{"line":88,"column":0}},"89":{"start":{"line":89,"column":0},"end":{"line":89,"column":0}},"90":{"start":{"line":90,"column":0},"end":{"line":90,"column":0}},"91":{"start":{"line":91,"column":0},"end":{"line":91,"column":0}},"92":{"start":{"line":92,"column":0},"end":{"line":92,"column":0}},"93":{"start":{"line":93,"column":0},"end":{"line":93,"column":0}},"94":{"start":{"line":94,"column":0},"end":{"line":94,"column":0}},"95":{"start":{"line":95,"column":0},"end":{"line":95,"column":0}},"96":{"start":{"line":96,"column":0},"end":{"line":96,"column":0}},"97":{"start":{"line":97,"column":0},"end":{"line":97,"column":0}},"98":{"start":{"line":98,"column":0},"end":{"line":98,"column":0}},"99":{"start":{"line":99,"column":0},"end":{"line":99,"column":0}},"100":{"start":{"line":100,"column":0},"end":{"line":100,"column":0}},"101":{"start":{"line":101,"column":0},"end":{"line":101,"column":0}},"102":{"start":{"line":102,"column":0},"end":{"line":102,"column":0}},"103":{"start":{"line":103,"column":0},"end":{"line":103,"column":0}},"104":{"start":{"line":104,"column":0},"end":{"line":104,"column":0}},"105":{"start":{"line":105,"column":0},"end":{"line":105,"column":0}},"106":{"start":{"line":106,"column":0},"end":{"line":106,"column":0}},"107":{"start":{"line":107,"column":0},"end":{"line":107,"column":0}},"108":{"start":{"line":108,"column":0},"end":{"line":108,"column":0}},"109":{"start":{"line":109,"column":0},"end":{"line":109,"column":0}},"110":{"start":{"line":110,"column":0},"end":{"line":110,"column":0}},"111":{"start":{"line":111,"column":0},"end":{"line":111,"column":0}},"112":{"start":{"line":112,"column":0},"end":{"line":112,"column":0}},"114":{"start":{"line":114,"column":0},"end":{"line":114,"column":0}},"115":{"start":{"line":115,"column":0},"end":{"line":115,"column":0}},"116":{"start":{"line":116,"column":0},"end":{"line":116,"column":0}},"118":{"start":{"line":118,"column":0},"end":{"line":118,"column":0}},"119":{"start":{"line":119,"column":0},"end":{"line":119,"column":0}},"120":{"start":{"line":120,"column":0},"end":{"line":120,"column":0}},"122":{"start":{"line":122,"column":0},"end":{"line":122,"column":0}},"133":{"start":{"line":133,"column":0},"end":{"line":133,"column":0}},"134":{"start":{"line":134,"column":0},"end":{"line":134,"column":0}},"135":{"start":{"line":135,"column":0},"end":{"line":135,"column":0}},"136":{"start":{"line":136,"column":0},"end":{"line":136,"column":0}},"137":{"start":{"line":137,"column":0},"end":{"line":137,"column":0}},"140":{"start":{"line":140,"column":0},"end":{"line":140,"column":0}}}}
,"no-map/EngagementSummaryPdfController": {"fnMap":{},"branchMap":{},"path":"no-map/EngagementSummaryPdfController","f":{},"b":{},"s":{"1":1,"2":1,"3":1,"4":1,"5":1,"6":1,"7":1,"8":1,"9":1,"10":1,"11":1,"12":1,"13":1,"14":1,"15":1},"statementMap":{"1":{"start":{"line":1,"column":0},"end":{"line":1,"column":0}},"2":{"start":{"line":2,"column":0},"end":{"line":2,"column":0}},"3":{"start":{"line":3,"column":0},"end":{"line":3,"column":0}},"4":{"start":{"line":4,"column":0},"end":{"line":4,"column":0}},"5":{"start":{"line":5,"column":0},"end":{"line":5,"column":0}},"6":{"start":{"line":6,"column":0},"end":{"line":6,"column":0}},"7":{"start":{"line":7,"column":0},"end":{"line":7,"column":0}},"8":{"start":{"line":8,"column":0},"end":{"line":8,"column":0}},"9":{"start":{"line":9,"column":0},"end":{"line":9,"column":0}},"10":{"start":{"line":10,"column":0},"end":{"line":10,"column":0}},"11":{"start":{"line":11,"column":0},"end":{"line":11,"column":0}},"12":{"start":{"line":12,"column":0},"end":{"line":12,"column":0}},"13":{"start":{"line":13,"column":0},"end":{"line":13,"column":0}},"14":{"start":{"line":14,"column":0},"end":{"line":14,"column":0}},"15":{"start":{"line":15,"column":0},"end":{"line":15,"column":0}}}}
,"no-map/EventLogFileIngest": {"fnMap":{},"branchMap":{},"path":"no-map/EventLogFileIngest","f":{},"b":{},"s":{"50":0,"51":0,"52":1,"53":1,"54":1,"55":1,"56":1,"57":1,"58":1,"59":1,"60":0,"61":0,"62":0,"63":0,"64":0,"65":0,"66":1,"67":0,"68":0,"69":0,"70":1,"71":1,"72":0,"73":0,"74":0,"75":1,"76":1,"77":1,"78":1,"79":1,"80":1,"81":1,"82":1,"83":1,"84":1,"85":1,"86":1,"87":1,"88":1,"89":1,"90":1,"91":1,"92":1,"93":1,"94":1,"95":1,"96":1,"97":1,"98":1,"99":1,"100":1,"101":1,"102":0,"103":0,"104":0,"105":1,"106":1,"107":1,"108":1,"109":1,"110":1,"111":1,"112":0,"113":0,"114":0,"115":0,"116":0,"117":0,"118":0,"119":1,"120":0,"121":0,"122":1,"123":1,"124":0,"125":0,"126":0,"127":1,"128":1,"129":0,"130":0,"131":0,"132":1,"133":1,"134":0,"135":0,"136":0,"137":1,"138":1,"139":0,"140":0,"141":1,"142":0,"143":0,"144":1,"145":0,"146":0,"147":0,"148":0,"149":0,"150":1,"151":0,"152":0,"153":0,"154":1,"155":1,"156":0,"157":0,"158":0,"159":1,"160":1,"161":0,"162":0,"163":0,"164":0,"165":0,"166":0,"167":1,"168":1,"169":0,"170":0,"171":1,"172":1,"173":0,"174":1,"175":1,"176":1,"177":1,"178":1,"179":0,"180":0,"181":0,"182":0,"183":1,"184":1,"185":0,"186":1,"187":1,"188":1,"189":1,"190":1,"191":1,"192":0,"193":0,"194":0,"195":1,"196":0,"197":0,"198":0,"199":1,"200":0,"201":0,"202":0,"203":0,"204":0,"212":0,"213":0,"214":0,"216":0,"217":0,"218":0,"220":0,"221":0,"222":0,"224":0,"225":0,"226":0,"227":0,"235":0,"236":0,"237":0,"238":0,"240":0,"241":0,"242":0,"243":0,"244":0,"245":0,"246":0,"248":0,"249":0,"250":0,"251":0,"253":0,"255":0,"256":0,"261":0,"262":0,"263":0,"264":0,"266":0,"267":0},"statementMap":{"50":{"start":{"line":50,"column":0},"end":{"line":50,"column":0}},"51":{"start":{"line":51,"column":0},"end":{"line":51,"column":0}},"52":{"start":{"line":52,"column":0},"end":{"line":52,"column":0}},"53":{"start":{"line":53,"column":0},"end":{"line":53,"column":0}},"54":{"start":{"line":54,"column":0},"end":{"line":54,"column":0}},"55":{"start":{"line":55,"column":0},"end":{"line":55,"column":0}},"56":{"start":{"line":56,"column":0},"end":{"line":56,"column":0}},"57":{"start":{"line":57,"column":0},"end":{"line":57,"column":0}},"58":{"start":{"line":58,"column":0},"end":{"line":58,"column":0}},"59":{"start":{"line":59,"column":0},"end":{"line":59,"column":0}},"60":{"start":{"line":60,"column":0},"end":{"line":60,"column":0}},"61":{"start":{"line":61,"column":0},"end":{"line":61,"column":0}},"62":{"start":{"line":62,"column":0},"end":{"line":62,"column":0}},"63":{"start":{"line":63,"column":0},"end":{"line":63,"column":0}},"64":{"start":{"line":64,"column":0},"end":{"line":64,"column":0}},"65":{"start":{"line":65,"column":0},"end":{"line":65,"column":0}},"66":{"start":{"line":66,"column":0},"end":{"line":66,"column":0}},"67":{"start":{"line":67,"column":0},"end":{"line":67,"column":0}},"68":{"start":{"line":68,"column":0},"end":{"line":68,"column":0}},"69":{"start":{"line":69,"column":0},"end":{"line":69,"column":0}},"70":{"start":{"line":70,"column":0},"end":{"line":70,"column":0}},"71":{"start":{"line":71,"column":0},"end":{"line":71,"column":0}},"72":{"start":{"line":72,"column":0},"end":{"line":72,"column":0}},"73":{"start":{"line":73,"column":0},"end":{"line":73,"column":0}},"74":{"start":{"line":74,"column":0},"end":{"line":74,"column":0}},"75":{"start":{"line":75,"column":0},"end":{"line":75,"column":0}},"76":{"start":{"line":76,"column":0},"end":{"line":76,"column":0}},"77":{"start":{"line":77,"column":0},"end":{"line":77,"column":0}},"78":{"start":{"line":78,"column":0},"end":{"line":78,"column":0}},"79":{"start":{"line":79,"column":0},"end":{"line":79,"column":0}},"80":{"start":{"line":80,"column":0},"end":{"line":80,"column":0}},"81":{"start":{"line":81,"column":0},"end":{"line":81,"column":0}},"82":{"start":{"line":82,"column":0},"end":{"line":82,"column":0}},"83":{"start":{"line":83,"column":0},"end":{"line":83,"column":0}},"84":{"start":{"line":84,"column":0},"end":{"line":84,"column":0}},"85":{"start":{"line":85,"column":0},"end":{"line":85,"column":0}},"86":{"start":{"line":86,"column":0},"end":{"line":86,"column":0}},"87":{"start":{"line":87,"column":0},"end":{"line":87,"column":0}},"88":{"start":{"line":88,"column":0},"end":{"line":88,"column":0}},"89":{"start":{"line":89,"column":0},"end":{"line":89,"column":0}},"90":{"start":{"line":90,"column":0},"end":{"line":90,"column":0}},"91":{"start":{"line":91,"column":0},"end":{"line":91,"column":0}},"92":{"start":{"line":92,"column":0},"end":{"line":92,"column":0}},"93":{"start":{"line":93,"column":0},"end":{"line":93,"column":0}},"94":{"start":{"line":94,"column":0},"end":{"line":94,"column":0}},"95":{"start":{"line":95,"column":0},"end":{"line":95,"column":0}},"96":{"start":{"line":96,"column":0},"end":{"line":96,"column":0}},"97":{"start":{"line":97,"column":0},"end":{"line":97,"column":0}},"98":{"start":{"line":98,"column":0},"end":{"line":98,"column":0}},"99":{"start":{"line":99,"column":0},"end":{"line":99,"column":0}},"100":{"start":{"line":100,"column":0},"end":{"line":100,"column":0}},"101":{"start":{"line":101,"column":0},"end":{"line":101,"column":0}},"102":{"start":{"line":102,"column":0},"end":{"line":102,"column":0}},"103":{"start":{"line":103,"column":0},"end":{"line":103,"column":0}},"104":{"start":{"line":104,"column":0},"end":{"line":104,"column":0}},"105":{"start":{"line":105,"column":0},"end":{"line":105,"column":0}},"106":{"start":{"line":106,"column":0},"end":{"line":106,"column":0}},"107":{"start":{"line":107,"column":0},"end":{"line":107,"column":0}},"108":{"start":{"line":108,"column":0},"end":{"line":108,"column":0}},"109":{"start":{"line":109,"column":0},"end":{"line":109,"column":0}},"110":{"start":{"line":110,"column":0},"end":{"line":110,"column":0}},"111":{"start":{"line":111,"column":0},"end":{"line":111,"column":0}},"112":{"start":{"line":112,"column":0},"end":{"line":112,"column":0}},"113":{"start":{"line":113,"column":0},"end":{"line":113,"column":0}},"114":{"start":{"line":114,"column":0},"end":{"line":114,"column":0}},"115":{"start":{"line":115,"column":0},"end":{"line":115,"column":0}},"116":{"start":{"line":116,"column":0},"end":{"line":116,"column":0}},"117":{"start":{"line":117,"column":0},"end":{"line":117,"column":0}},"118":{"start":{"line":118,"column":0},"end":{"line":118,"column":0}},"119":{"start":{"line":119,"column":0},"end":{"line":119,"column":0}},"120":{"start":{"line":120,"column":0},"end":{"line":120,"column":0}},"121":{"start":{"line":121,"column":0},"end":{"line":121,"column":0}},"122":{"start":{"line":122,"column":0},"end":{"line":122,"column":0}},"123":{"start":{"line":123,"column":0},"end":{"line":123,"column":0}},"124":{"start":{"line":124,"column":0},"end":{"line":124,"column":0}},"125":{"start":{"line":125,"column":0},"end":{"line":125,"column":0}},"126":{"start":{"line":126,"column":0},"end":{"line":126,"column":0}},"127":{"start":{"line":127,"column":0},"end":{"line":127,"column":0}},"128":{"start":{"line":128,"column":0},"end":{"line":128,"column":0}},"129":{"start":{"line":129,"column":0},"end":{"line":129,"column":0}},"130":{"start":{"line":130,"column":0},"end":{"line":130,"column":0}},"131":{"start":{"line":131,"column":0},"end":{"line":131,"column":0}},"132":{"start":{"line":132,"column":0},"end":{"line":132,"column":0}},"133":{"start":{"line":133,"column":0},"end":{"line":133,"column":0}},"134":{"start":{"line":134,"column":0},"end":{"line":134,"column":0}},"135":{"start":{"line":135,"column":0},"end":{"line":135,"column":0}},"136":{"start":{"line":136,"column":0},"end":{"line":136,"column":0}},"137":{"start":{"line":137,"column":0},"end":{"line":137,"column":0}},"138":{"start":{"line":138,"column":0},"end":{"line":138,"column":0}},"139":{"start":{"line":139,"column":0},"end":{"line":139,"column":0}},"140":{"start":{"line":140,"column":0},"end":{"line":140,"column":0}},"141":{"start":{"line":141,"column":0},"end":{"line":141,"column":0}},"142":{"start":{"line":142,"column":0},"end":{"line":142,"column":0}},"143":{"start":{"line":143,"column":0},"end":{"line":143,"column":0}},"144":{"start":{"line":144,"column":0},"end":{"line":144,"column":0}},"145":{"start":{"line":145,"column":0},"end":{"line":145,"column":0}},"146":{"start":{"line":146,"column":0},"end":{"line":146,"column":0}},"147":{"start":{"line":147,"column":0},"end":{"line":147,"column":0}},"148":{"start":{"line":148,"column":0},"end":{"line":148,"column":0}},"149":{"start":{"line":149,"column":0},"end":{"line":149,"column":0}},"150":{"start":{"line":150,"column":0},"end":{"line":150,"column":0}},"151":{"start":{"line":151,"column":0},"end":{"line":151,"column":0}},"152":{"start":{"line":152,"column":0},"end":{"line":152,"column":0}},"153":{"start":{"line":153,"column":0},"end":{"line":153,"column":0}},"154":{"start":{"line":154,"column":0},"end":{"line":154,"column":0}},"155":{"start":{"line":155,"column":0},"end":{"line":155,"column":0}},"156":{"start":{"line":156,"column":0},"end":{"line":156,"column":0}},"157":{"start":{"line":157,"column":0},"end":{"line":157,"column":0}},"158":{"start":{"line":158,"column":0},"end":{"line":158,"column":0}},"159":{"start":{"line":159,"column":0},"end":{"line":159,"column":0}},"160":{"start":{"line":160,"column":0},"end":{"line":160,"column":0}},"161":{"start":{"line":161,"column":0},"end":{"line":161,"column":0}},"162":{"start":{"line":162,"column":0},"end":{"line":162,"column":0}},"163":{"start":{"line":163,"column":0},"end":{"line":163,"column":0}},"164":{"start":{"line":164,"column":0},"end":{"line":164,"column":0}},"165":{"start":{"line":165,"column":0},"end":{"line":165,"column":0}},"166":{"start":{"line":166,"column":0},"end":{"line":166,"column":0}},"167":{"start":{"line":167,"column":0},"end":{"line":167,"column":0}},"168":{"start":{"line":168,"column":0},"end":{"line":168,"column":0}},"169":{"start":{"line":169,"column":0},"end":{"line":169,"column":0}},"170":{"start":{"line":170,"column":0},"end":{"line":170,"column":0}},"171":{"start":{"line":171,"column":0},"end":{"line":171,"column":0}},"172":{"start":{"line":172,"column":0},"end":{"line":172,"column":0}},"173":{"start":{"line":173,"column":0},"end":{"line":173,"column":0}},"174":{"start":{"line":174,"column":0},"end":{"line":174,"column":0}},"175":{"start":{"line":175,"column":0},"end":{"line":175,"column":0}},"176":{"start":{"line":176,"column":0},"end":{"line":176,"column":0}},"177":{"start":{"line":177,"column":0},"end":{"line":177,"column":0}},"178":{"start":{"line":178,"column":0},"end":{"line":178,"column":0}},"179":{"start":{"line":179,"column":0},"end":{"line":179,"column":0}},"180":{"start":{"line":180,"column":0},"end":{"line":180,"column":0}},"181":{"start":{"line":181,"column":0},"end":{"line":181,"column":0}},"182":{"start":{"line":182,"column":0},"end":{"line":182,"column":0}},"183":{"start":{"line":183,"column":0},"end":{"line":183,"column":0}},"184":{"start":{"line":184,"column":0},"end":{"line":184,"column":0}},"185":{"start":{"line":185,"column":0},"end":{"line":185,"column":0}},"186":{"start":{"line":186,"column":0},"end":{"line":186,"column":0}},"187":{"start":{"line":187,"column":0},"end":{"line":187,"column":0}},"188":{"start":{"line":188,"column":0},"end":{"line":188,"column":0}},"189":{"start":{"line":189,"column":0},"end":{"line":189,"column":0}},"190":{"start":{"line":190,"column":0},"end":{"line":190,"column":0}},"191":{"start":{"line":191,"column":0},"end":{"line":191,"column":0}},"192":{"start":{"line":192,"column":0},"end":{"line":192,"column":0}},"193":{"start":{"line":193,"column":0},"end":{"line":193,"column":0}},"194":{"start":{"line":194,"column":0},"end":{"line":194,"column":0}},"195":{"start":{"line":195,"column":0},"end":{"line":195,"column":0}},"196":{"start":{"line":196,"column":0},"end":{"line":196,"column":0}},"197":{"start":{"line":197,"column":0},"end":{"line":197,"column":0}},"198":{"start":{"line":198,"column":0},"end":{"line":198,"column":0}},"199":{"start":{"line":199,"column":0},"end":{"line":199,"column":0}},"200":{"start":{"line":200,"column":0},"end":{"line":200,"column":0}},"201":{"start":{"line":201,"column":0},"end":{"line":201,"column":0}},"202":{"start":{"line":202,"column":0},"end":{"line":202,"column":0}},"203":{"start":{"line":203,"column":0},"end":{"line":203,"column":0}},"204":{"start":{"line":204,"column":0},"end":{"line":204,"column":0}},"212":{"start":{"line":212,"column":0},"end":{"line":212,"column":0}},"213":{"start":{"line":213,"column":0},"end":{"line":213,"column":0}},"214":{"start":{"line":214,"column":0},"end":{"line":214,"column":0}},"216":{"start":{"line":216,"column":0},"end":{"line":216,"column":0}},"217":{"start":{"line":217,"column":0},"end":{"line":217,"column":0}},"218":{"start":{"line":218,"column":0},"end":{"line":218,"column":0}},"220":{"start":{"line":220,"column":0},"end":{"line":220,"column":0}},"221":{"start":{"line":221,"column":0},"end":{"line":221,"column":0}},"222":{"start":{"line":222,"column":0},"end":{"line":222,"column":0}},"224":{"start":{"line":224,"column":0},"end":{"line":224,"column":0}},"225":{"start":{"line":225,"column":0},"end":{"line":225,"column":0}},"226":{"start":{"line":226,"column":0},"end":{"line":226,"column":0}},"227":{"start":{"line":227,"column":0},"end":{"line":227,"column":0}},"235":{"start":{"line":235,"column":0},"end":{"line":235,"column":0}},"236":{"start":{"line":236,"column":0},"end":{"line":236,"column":0}},"237":{"start":{"line":237,"column":0},"end":{"line":237,"column":0}},"238":{"start":{"line":238,"column":0},"end":{"line":238,"column":0}},"240":{"start":{"line":240,"column":0},"end":{"line":240,"column":0}},"241":{"start":{"line":241,"column":0},"end":{"line":241,"column":0}},"242":{"start":{"line":242,"column":0},"end":{"line":242,"column":0}},"243":{"start":{"line":243,"column":0},"end":{"line":243,"column":0}},"244":{"start":{"line":244,"column":0},"end":{"line":244,"column":0}},"245":{"start":{"line":245,"column":0},"end":{"line":245,"column":0}},"246":{"start":{"line":246,"column":0},"end":{"line":246,"column":0}},"248":{"start":{"line":248,"column":0},"end":{"line":248,"column":0}},"249":{"start":{"line":249,"column":0},"end":{"line":249,"column":0}},"250":{"start":{"line":250,"column":0},"end":{"line":250,"column":0}},"251":{"start":{"line":251,"column":0},"end":{"line":251,"column":0}},"253":{"start":{"line":253,"column":0},"end":{"line":253,"column":0}},"255":{"start":{"line":255,"column":0},"end":{"line":255,"column":0}},"256":{"start":{"line":256,"column":0},"end":{"line":256,"column":0}},"261":{"start":{"line":261,"column":0},"end":{"line":261,"column":0}},"262":{"start":{"line":262,"column":0},"end":{"line":262,"column":0}},"263":{"start":{"line":263,"column":0},"end":{"line":263,"column":0}},"264":{"start":{"line":264,"column":0},"end":{"line":264,"column":0}},"266":{"start":{"line":266,"column":0},"end":{"line":266,"column":0}},"267":{"start":{"line":267,"column":0},"end":{"line":267,"column":0}}}}
,"no-map/FindingFactory": {"fnMap":{},"branchMap":{},"path":"no-map/FindingFactory","f":{},"b":{},"s":{"1":1,"2":1,"3":1,"4":1,"5":1,"6":1,"7":1,"8":1,"9":1,"10":1,"11":1,"12":1,"13":1,"14":1,"15":1,"16":1,"17":1,"18":1,"19":1,"20":1,"21":1},"statementMap":{"1":{"start":{"line":1,"column":0},"end":{"line":1,"column":0}},"2":{"start":{"line":2,"column":0},"end":{"line":2,"column":0}},"3":{"start":{"line":3,"column":0},"end":{"line":3,"column":0}},"4":{"start":{"line":4,"column":0},"end":{"line":4,"column":0}},"5":{"start":{"line":5,"column":0},"end":{"line":5,"column":0}},"6":{"start":{"line":6,"column":0},"end":{"line":6,"column":0}},"7":{"start":{"line":7,"column":0},"end":{"line":7,"column":0}},"8":{"start":{"line":8,"column":0},"end":{"line":8,"column":0}},"9":{"start":{"line":9,"column":0},"end":{"line":9,"column":0}},"10":{"start":{"line":10,"column":0},"end":{"line":10,"column":0}},"11":{"start":{"line":11,"column":0},"end":{"line":11,"column":0}},"12":{"start":{"line":12,"column":0},"end":{"line":12,"column":0}},"13":{"start":{"line":13,"column":0},"end":{"line":13,"column":0}},"14":{"start":{"line":14,"column":0},"end":{"line":14,"column":0}},"15":{"start":{"line":15,"column":0},"end":{"line":15,"column":0}},"16":{"start":{"line":16,"column":0},"end":{"line":16,"column":0}},"17":{"start":{"line":17,"column":0},"end":{"line":17,"column":0}},"18":{"start":{"line":18,"column":0},"end":{"line":18,"column":0}},"19":{"start":{"line":19,"column":0},"end":{"line":19,"column":0}},"20":{"start":{"line":20,"column":0},"end":{"line":20,"column":0}},"21":{"start":{"line":21,"column":0},"end":{"line":21,"column":0}}}}
,"no-map/FindingQueueController": {"fnMap":{},"branchMap":{},"path":"no-map/FindingQueueController","f":{},"b":{},"s":{"1":1,"2":1,"3":1,"4":1,"5":1,"6":1,"7":1,"8":1,"9":1,"10":1,"11":1,"12":1,"13":1,"14":1,"15":1,"16":1,"17":1,"18":1,"19":1,"20":1,"21":1,"22":1,"23":1,"24":1,"25":1},"statementMap":{"1":{"start":{"line":1,"column":0},"end":{"line":1,"column":0}},"2":{"start":{"line":2,"column":0},"end":{"line":2,"column":0}},"3":{"start":{"line":3,"column":0},"end":{"line":3,"column":0}},"4":{"start":{"line":4,"column":0},"end":{"line":4,"column":0}},"5":{"start":{"line":5,"column":0},"end":{"line":5,"column":0}},"6":{"start":{"line":6,"column":0},"end":{"line":6,"column":0}},"7":{"start":{"line":7,"column":0},"end":{"line":7,"column":0}},"8":{"start":{"line":8,"column":0},"end":{"line":8,"column":0}},"9":{"start":{"line":9,"column":0},"end":{"line":9,"column":0}},"10":{"start":{"line":10,"column":0},"end":{"line":10,"column":0}},"11":{"start":{"line":11,"column":0},"end":{"line":11,"column":0}},"12":{"start":{"line":12,"column":0},"end":{"line":12,"column":0}},"13":{"start":{"line":13,"column":0},"end":{"line":13,"column":0}},"14":{"start":{"line":14,"column":0},"end":{"line":14,"column":0}},"15":{"start":{"line":15,"column":0},"end":{"line":15,"column":0}},"16":{"start":{"line":16,"column":0},"end":{"line":16,"column":0}},"17":{"start":{"line":17,"column":0},"end":{"line":17,"column":0}},"18":{"start":{"line":18,"column":0},"end":{"line":18,"column":0}},"19":{"start":{"line":19,"column":0},"end":{"line":19,"column":0}},"20":{"start":{"line":20,"column":0},"end":{"line":20,"column":0}},"21":{"start":{"line":21,"column":0},"end":{"line":21,"column":0}},"22":{"start":{"line":22,"column":0},"end":{"line":22,"column":0}},"23":{"start":{"line":23,"column":0},"end":{"line":23,"column":0}},"24":{"start":{"line":24,"column":0},"end":{"line":24,"column":0}},"25":{"start":{"line":25,"column":0},"end":{"line":25,"column":0}}}}
,"no-map/IngestBase": {"fnMap":{},"branchMap":{},"path":"no-map/IngestBase","f":{},"b":{},"s":{"29":0,"30":0,"31":1,"32":1,"33":1,"34":1,"35":1,"36":1,"37":1,"38":1,"39":1,"45":0,"46":0,"54":0,"55":0},"statementMap":{"29":{"start":{"line":29,"column":0},"end":{"line":29,"column":0}},"30":{"start":{"line":30,"column":0},"end":{"line":30,"column":0}},"31":{"start":{"line":31,"column":0},"end":{"line":31,"column":0}},"32":{"start":{"line":32,"column":0},"end":{"line":32,"column":0}},"33":{"start":{"line":33,"column":0},"end":{"line":33,"column":0}},"34":{"start":{"line":34,"column":0},"end":{"line":34,"column":0}},"35":{"start":{"line":35,"column":0},"end":{"line":35,"column":0}},"36":{"start":{"line":36,"column":0},"end":{"line":36,"column":0}},"37":{"start":{"line":37,"column":0},"end":{"line":37,"column":0}},"38":{"start":{"line":38,"column":0},"end":{"line":38,"column":0}},"39":{"start":{"line":39,"column":0},"end":{"line":39,"column":0}},"45":{"start":{"line":45,"column":0},"end":{"line":45,"column":0}},"46":{"start":{"line":46,"column":0},"end":{"line":46,"column":0}},"54":{"start":{"line":54,"column":0},"end":{"line":54,"column":0}},"55":{"start":{"line":55,"column":0},"end":{"line":55,"column":0}}}}
,"no-map/InvestigateController": {"fnMap":{},"branchMap":{},"path":"no-map/InvestigateController","f":{},"b":{},"s":{"39":0,"40":1,"41":1,"42":0,"43":1,"44":1,"45":0,"46":1,"47":1,"48":0,"49":1,"50":1,"51":1,"52":1,"53":0,"54":1,"55":1,"56":1,"57":1,"58":1,"59":1,"60":1,"61":1,"62":1,"63":1,"64":1,"65":1,"66":1,"67":0,"68":1,"69":1,"70":1,"71":1,"72":1,"73":1,"74":1,"75":1,"76":1,"77":1,"78":1,"79":1,"80":1,"81":1,"82":1,"83":1,"84":1,"85":1,"86":1,"87":1,"88":1,"89":1,"90":1,"91":1,"92":1,"93":1,"94":1,"95":1,"96":1,"97":1,"98":1,"99":1,"100":1,"101":1,"102":1,"103":1,"104":1,"105":1,"106":1,"107":1,"108":1,"109":1,"110":1,"111":1,"112":1,"113":1,"114":1,"115":1,"116":0,"117":0,"118":0,"119":0,"120":0,"121":0,"122":0,"123":0,"124":0,"125":0,"126":1,"127":1,"128":1,"129":1,"130":1,"131":1,"132":1,"133":1,"134":1,"135":1,"136":1,"137":1,"138":1,"139":1,"140":1,"141":1,"142":1,"143":1,"144":1,"145":1,"146":1,"147":1,"148":1,"149":1,"150":1,"151":1,"152":1,"184":0,"188":0,"192":0,"198":0,"199":0,"202":0,"207":0,"218":0,"229":0,"232":0},"statementMap":{"39":{"start":{"line":39,"column":0},"end":{"line":39,"column":0}},"40":{"start":{"line":40,"column":0},"end":{"line":40,"column":0}},"41":{"start":{"line":41,"column":0},"end":{"line":41,"column":0}},"42":{"start":{"line":42,"column":0},"end":{"line":42,"column":0}},"43":{"start":{"line":43,"column":0},"end":{"line":43,"column":0}},"44":{"start":{"line":44,"column":0},"end":{"line":44,"column":0}},"45":{"start":{"line":45,"column":0},"end":{"line":45,"column":0}},"46":{"start":{"line":46,"column":0},"end":{"line":46,"column":0}},"47":{"start":{"line":47,"column":0},"end":{"line":47,"column":0}},"48":{"start":{"line":48,"column":0},"end":{"line":48,"column":0}},"49":{"start":{"line":49,"column":0},"end":{"line":49,"column":0}},"50":{"start":{"line":50,"column":0},"end":{"line":50,"column":0}},"51":{"start":{"line":51,"column":0},"end":{"line":51,"column":0}},"52":{"start":{"line":52,"column":0},"end":{"line":52,"column":0}},"53":{"start":{"line":53,"column":0},"end":{"line":53,"column":0}},"54":{"start":{"line":54,"column":0},"end":{"line":54,"column":0}},"55":{"start":{"line":55,"column":0},"end":{"line":55,"column":0}},"56":{"start":{"line":56,"column":0},"end":{"line":56,"column":0}},"57":{"start":{"line":57,"column":0},"end":{"line":57,"column":0}},"58":{"start":{"line":58,"column":0},"end":{"line":58,"column":0}},"59":{"start":{"line":59,"column":0},"end":{"line":59,"column":0}},"60":{"start":{"line":60,"column":0},"end":{"line":60,"column":0}},"61":{"start":{"line":61,"column":0},"end":{"line":61,"column":0}},"62":{"start":{"line":62,"column":0},"end":{"line":62,"column":0}},"63":{"start":{"line":63,"column":0},"end":{"line":63,"column":0}},"64":{"start":{"line":64,"column":0},"end":{"line":64,"column":0}},"65":{"start":{"line":65,"column":0},"end":{"line":65,"column":0}},"66":{"start":{"line":66,"column":0},"end":{"line":66,"column":0}},"67":{"start":{"line":67,"column":0},"end":{"line":67,"column":0}},"68":{"start":{"line":68,"column":0},"end":{"line":68,"column":0}},"69":{"start":{"line":69,"column":0},"end":{"line":69,"column":0}},"70":{"start":{"line":70,"column":0},"end":{"line":70,"column":0}},"71":{"start":{"line":71,"column":0},"end":{"line":71,"column":0}},"72":{"start":{"line":72,"column":0},"end":{"line":72,"column":0}},"73":{"start":{"line":73,"column":0},"end":{"line":73,"column":0}},"74":{"start":{"line":74,"column":0},"end":{"line":74,"column":0}},"75":{"start":{"line":75,"column":0},"end":{"line":75,"column":0}},"76":{"start":{"line":76,"column":0},"end":{"line":76,"column":0}},"77":{"start":{"line":77,"column":0},"end":{"line":77,"column":0}},"78":{"start":{"line":78,"column":0},"end":{"line":78,"column":0}},"79":{"start":{"line":79,"column":0},"end":{"line":79,"column":0}},"80":{"start":{"line":80,"column":0},"end":{"line":80,"column":0}},"81":{"start":{"line":81,"column":0},"end":{"line":81,"column":0}},"82":{"start":{"line":82,"column":0},"end":{"line":82,"column":0}},"83":{"start":{"line":83,"column":0},"end":{"line":83,"column":0}},"84":{"start":{"line":84,"column":0},"end":{"line":84,"column":0}},"85":{"start":{"line":85,"column":0},"end":{"line":85,"column":0}},"86":{"start":{"line":86,"column":0},"end":{"line":86,"column":0}},"87":{"start":{"line":87,"column":0},"end":{"line":87,"column":0}},"88":{"start":{"line":88,"column":0},"end":{"line":88,"column":0}},"89":{"start":{"line":89,"column":0},"end":{"line":89,"column":0}},"90":{"start":{"line":90,"column":0},"end":{"line":90,"column":0}},"91":{"start":{"line":91,"column":0},"end":{"line":91,"column":0}},"92":{"start":{"line":92,"column":0},"end":{"line":92,"column":0}},"93":{"start":{"line":93,"column":0},"end":{"line":93,"column":0}},"94":{"start":{"line":94,"column":0},"end":{"line":94,"column":0}},"95":{"start":{"line":95,"column":0},"end":{"line":95,"column":0}},"96":{"start":{"line":96,"column":0},"end":{"line":96,"column":0}},"97":{"start":{"line":97,"column":0},"end":{"line":97,"column":0}},"98":{"start":{"line":98,"column":0},"end":{"line":98,"column":0}},"99":{"start":{"line":99,"column":0},"end":{"line":99,"column":0}},"100":{"start":{"line":100,"column":0},"end":{"line":100,"column":0}},"101":{"start":{"line":101,"column":0},"end":{"line":101,"column":0}},"102":{"start":{"line":102,"column":0},"end":{"line":102,"column":0}},"103":{"start":{"line":103,"column":0},"end":{"line":103,"column":0}},"104":{"start":{"line":104,"column":0},"end":{"line":104,"column":0}},"105":{"start":{"line":105,"column":0},"end":{"line":105,"column":0}},"106":{"start":{"line":106,"column":0},"end":{"line":106,"column":0}},"107":{"start":{"line":107,"column":0},"end":{"line":107,"column":0}},"108":{"start":{"line":108,"column":0},"end":{"line":108,"column":0}},"109":{"start":{"line":109,"column":0},"end":{"line":109,"column":0}},"110":{"start":{"line":110,"column":0},"end":{"line":110,"column":0}},"111":{"start":{"line":111,"column":0},"end":{"line":111,"column":0}},"112":{"start":{"line":112,"column":0},"end":{"line":112,"column":0}},"113":{"start":{"line":113,"column":0},"end":{"line":113,"column":0}},"114":{"start":{"line":114,"column":0},"end":{"line":114,"column":0}},"115":{"start":{"line":115,"column":0},"end":{"line":115,"column":0}},"116":{"start":{"line":116,"column":0},"end":{"line":116,"column":0}},"117":{"start":{"line":117,"column":0},"end":{"line":117,"column":0}},"118":{"start":{"line":118,"column":0},"end":{"line":118,"column":0}},"119":{"start":{"line":119,"column":0},"end":{"line":119,"column":0}},"120":{"start":{"line":120,"column":0},"end":{"line":120,"column":0}},"121":{"start":{"line":121,"column":0},"end":{"line":121,"column":0}},"122":{"start":{"line":122,"column":0},"end":{"line":122,"column":0}},"123":{"start":{"line":123,"column":0},"end":{"line":123,"column":0}},"124":{"start":{"line":124,"column":0},"end":{"line":124,"column":0}},"125":{"start":{"line":125,"column":0},"end":{"line":125,"column":0}},"126":{"start":{"line":126,"column":0},"end":{"line":126,"column":0}},"127":{"start":{"line":127,"column":0},"end":{"line":127,"column":0}},"128":{"start":{"line":128,"column":0},"end":{"line":128,"column":0}},"129":{"start":{"line":129,"column":0},"end":{"line":129,"column":0}},"130":{"start":{"line":130,"column":0},"end":{"line":130,"column":0}},"131":{"start":{"line":131,"column":0},"end":{"line":131,"column":0}},"132":{"start":{"line":132,"column":0},"end":{"line":132,"column":0}},"133":{"start":{"line":133,"column":0},"end":{"line":133,"column":0}},"134":{"start":{"line":134,"column":0},"end":{"line":134,"column":0}},"135":{"start":{"line":135,"column":0},"end":{"line":135,"column":0}},"136":{"start":{"line":136,"column":0},"end":{"line":136,"column":0}},"137":{"start":{"line":137,"column":0},"end":{"line":137,"column":0}},"138":{"start":{"line":138,"column":0},"end":{"line":138,"column":0}},"139":{"start":{"line":139,"column":0},"end":{"line":139,"column":0}},"140":{"start":{"line":140,"column":0},"end":{"line":140,"column":0}},"141":{"start":{"line":141,"column":0},"end":{"line":141,"column":0}},"142":{"start":{"line":142,"column":0},"end":{"line":142,"column":0}},"143":{"start":{"line":143,"column":0},"end":{"line":143,"column":0}},"144":{"start":{"line":144,"column":0},"end":{"line":144,"column":0}},"145":{"start":{"line":145,"column":0},"end":{"line":145,"column":0}},"146":{"start":{"line":146,"column":0},"end":{"line":146,"column":0}},"147":{"start":{"line":147,"column":0},"end":{"line":147,"column":0}},"148":{"start":{"line":148,"column":0},"end":{"line":148,"column":0}},"149":{"start":{"line":149,"column":0},"end":{"line":149,"column":0}},"150":{"start":{"line":150,"column":0},"end":{"line":150,"column":0}},"151":{"start":{"line":151,"column":0},"end":{"line":151,"column":0}},"152":{"start":{"line":152,"column":0},"end":{"line":152,"column":0}},"184":{"start":{"line":184,"column":0},"end":{"line":184,"column":0}},"188":{"start":{"line":188,"column":0},"end":{"line":188,"column":0}},"192":{"start":{"line":192,"column":0},"end":{"line":192,"column":0}},"198":{"start":{"line":198,"column":0},"end":{"line":198,"column":0}},"199":{"start":{"line":199,"column":0},"end":{"line":199,"column":0}},"202":{"start":{"line":202,"column":0},"end":{"line":202,"column":0}},"207":{"start":{"line":207,"column":0},"end":{"line":207,"column":0}},"218":{"start":{"line":218,"column":0},"end":{"line":218,"column":0}},"229":{"start":{"line":229,"column":0},"end":{"line":229,"column":0}},"232":{"start":{"line":232,"column":0},"end":{"line":232,"column":0}}}}
,"no-map/LoginGeoLookup": {"fnMap":{},"branchMap":{},"path":"no-map/LoginGeoLookup","f":{},"b":{},"s":{"76":0,"77":0,"78":1,"79":1,"80":1,"81":1,"82":1,"83":1,"84":1,"85":1,"86":1,"87":0,"88":1,"89":1,"90":1,"91":1,"92":1,"93":1,"94":1,"95":1,"96":1,"97":1,"98":1,"99":1,"100":1,"101":1,"102":1,"103":1,"104":1,"105":1,"106":1,"107":1,"108":1,"109":1,"110":1,"111":1,"112":1,"113":1,"114":1,"115":1,"116":1,"117":1,"118":1,"119":1,"120":1,"121":1,"122":1,"123":1,"124":1,"125":1,"126":1,"127":1,"128":1,"129":1,"130":1,"131":1,"132":1,"133":1,"134":1,"135":1,"136":1,"137":1,"138":1,"139":1,"140":1,"141":1,"142":1,"143":1,"144":1,"145":1,"146":1,"147":1,"148":1,"149":1,"150":1,"151":1,"152":1,"153":1},"statementMap":{"76":{"start":{"line":76,"column":0},"end":{"line":76,"column":0}},"77":{"start":{"line":77,"column":0},"end":{"line":77,"column":0}},"78":{"start":{"line":78,"column":0},"end":{"line":78,"column":0}},"79":{"start":{"line":79,"column":0},"end":{"line":79,"column":0}},"80":{"start":{"line":80,"column":0},"end":{"line":80,"column":0}},"81":{"start":{"line":81,"column":0},"end":{"line":81,"column":0}},"82":{"start":{"line":82,"column":0},"end":{"line":82,"column":0}},"83":{"start":{"line":83,"column":0},"end":{"line":83,"column":0}},"84":{"start":{"line":84,"column":0},"end":{"line":84,"column":0}},"85":{"start":{"line":85,"column":0},"end":{"line":85,"column":0}},"86":{"start":{"line":86,"column":0},"end":{"line":86,"column":0}},"87":{"start":{"line":87,"column":0},"end":{"line":87,"column":0}},"88":{"start":{"line":88,"column":0},"end":{"line":88,"column":0}},"89":{"start":{"line":89,"column":0},"end":{"line":89,"column":0}},"90":{"start":{"line":90,"column":0},"end":{"line":90,"column":0}},"91":{"start":{"line":91,"column":0},"end":{"line":91,"column":0}},"92":{"start":{"line":92,"column":0},"end":{"line":92,"column":0}},"93":{"start":{"line":93,"column":0},"end":{"line":93,"column":0}},"94":{"start":{"line":94,"column":0},"end":{"line":94,"column":0}},"95":{"start":{"line":95,"column":0},"end":{"line":95,"column":0}},"96":{"start":{"line":96,"column":0},"end":{"line":96,"column":0}},"97":{"start":{"line":97,"column":0},"end":{"line":97,"column":0}},"98":{"start":{"line":98,"column":0},"end":{"line":98,"column":0}},"99":{"start":{"line":99,"column":0},"end":{"line":99,"column":0}},"100":{"start":{"line":100,"column":0},"end":{"line":100,"column":0}},"101":{"start":{"line":101,"column":0},"end":{"line":101,"column":0}},"102":{"start":{"line":102,"column":0},"end":{"line":102,"column":0}},"103":{"start":{"line":103,"column":0},"end":{"line":103,"column":0}},"104":{"start":{"line":104,"column":0},"end":{"line":104,"column":0}},"105":{"start":{"line":105,"column":0},"end":{"line":105,"column":0}},"106":{"start":{"line":106,"column":0},"end":{"line":106,"column":0}},"107":{"start":{"line":107,"column":0},"end":{"line":107,"column":0}},"108":{"start":{"line":108,"column":0},"end":{"line":108,"column":0}},"109":{"start":{"line":109,"column":0},"end":{"line":109,"column":0}},"110":{"start":{"line":110,"column":0},"end":{"line":110,"column":0}},"111":{"start":{"line":111,"column":0},"end":{"line":111,"column":0}},"112":{"start":{"line":112,"column":0},"end":{"line":112,"column":0}},"113":{"start":{"line":113,"column":0},"end":{"line":113,"column":0}},"114":{"start":{"line":114,"column":0},"end":{"line":114,"column":0}},"115":{"start":{"line":115,"column":0},"end":{"line":115,"column":0}},"116":{"start":{"line":116,"column":0},"end":{"line":116,"column":0}},"117":{"start":{"line":117,"column":0},"end":{"line":117,"column":0}},"118":{"start":{"line":118,"column":0},"end":{"line":118,"column":0}},"119":{"start":{"line":119,"column":0},"end":{"line":119,"column":0}},"120":{"start":{"line":120,"column":0},"end":{"line":120,"column":0}},"121":{"start":{"line":121,"column":0},"end":{"line":121,"column":0}},"122":{"start":{"line":122,"column":0},"end":{"line":122,"column":0}},"123":{"start":{"line":123,"column":0},"end":{"line":123,"column":0}},"124":{"start":{"line":124,"column":0},"end":{"line":124,"column":0}},"125":{"start":{"line":125,"column":0},"end":{"line":125,"column":0}},"126":{"start":{"line":126,"column":0},"end":{"line":126,"column":0}},"127":{"start":{"line":127,"column":0},"end":{"line":127,"column":0}},"128":{"start":{"line":128,"column":0},"end":{"line":128,"column":0}},"129":{"start":{"line":129,"column":0},"end":{"line":129,"column":0}},"130":{"start":{"line":130,"column":0},"end":{"line":130,"column":0}},"131":{"start":{"line":131,"column":0},"end":{"line":131,"column":0}},"132":{"start":{"line":132,"column":0},"end":{"line":132,"column":0}},"133":{"start":{"line":133,"column":0},"end":{"line":133,"column":0}},"134":{"start":{"line":134,"column":0},"end":{"line":134,"column":0}},"135":{"start":{"line":135,"column":0},"end":{"line":135,"column":0}},"136":{"start":{"line":136,"column":0},"end":{"line":136,"column":0}},"137":{"start":{"line":137,"column":0},"end":{"line":137,"column":0}},"138":{"start":{"line":138,"column":0},"end":{"line":138,"column":0}},"139":{"start":{"line":139,"column":0},"end":{"line":139,"column":0}},"140":{"start":{"line":140,"column":0},"end":{"line":140,"column":0}},"141":{"start":{"line":141,"column":0},"end":{"line":141,"column":0}},"142":{"start":{"line":142,"column":0},"end":{"line":142,"column":0}},"143":{"start":{"line":143,"column":0},"end":{"line":143,"column":0}},"144":{"start":{"line":144,"column":0},"end":{"line":144,"column":0}},"145":{"start":{"line":145,"column":0},"end":{"line":145,"column":0}},"146":{"start":{"line":146,"column":0},"end":{"line":146,"column":0}},"147":{"start":{"line":147,"column":0},"end":{"line":147,"column":0}},"148":{"start":{"line":148,"column":0},"end":{"line":148,"column":0}},"149":{"start":{"line":149,"column":0},"end":{"line":149,"column":0}},"150":{"start":{"line":150,"column":0},"end":{"line":150,"column":0}},"151":{"start":{"line":151,"column":0},"end":{"line":151,"column":0}},"152":{"start":{"line":152,"column":0},"end":{"line":152,"column":0}},"153":{"start":{"line":153,"column":0},"end":{"line":153,"column":0}}}}
,"no-map/LoginHistoryIngest": {"fnMap":{},"branchMap":{},"path":"no-map/LoginHistoryIngest","f":{},"b":{},"s":{"32":0,"33":0,"34":0,"35":0,"36":0,"37":0,"38":1,"39":1,"40":1,"41":1,"42":1,"43":1,"44":1,"45":1,"46":1,"47":1,"48":0,"49":1,"50":1,"51":1,"52":1,"53":1,"54":1,"55":0,"56":0,"57":0,"58":0,"59":0,"60":1,"61":1,"62":1,"63":1,"64":0,"65":1,"66":1,"67":1,"68":1,"69":1,"70":1,"71":1,"72":1,"73":1,"74":1,"75":1,"90":0,"91":0,"101":0,"102":0},"statementMap":{"32":{"start":{"line":32,"column":0},"end":{"line":32,"column":0}},"33":{"start":{"line":33,"column":0},"end":{"line":33,"column":0}},"34":{"start":{"line":34,"column":0},"end":{"line":34,"column":0}},"35":{"start":{"line":35,"column":0},"end":{"line":35,"column":0}},"36":{"start":{"line":36,"column":0},"end":{"line":36,"column":0}},"37":{"start":{"line":37,"column":0},"end":{"line":37,"column":0}},"38":{"start":{"line":38,"column":0},"end":{"line":38,"column":0}},"39":{"start":{"line":39,"column":0},"end":{"line":39,"column":0}},"40":{"start":{"line":40,"column":0},"end":{"line":40,"column":0}},"41":{"start":{"line":41,"column":0},"end":{"line":41,"column":0}},"42":{"start":{"line":42,"column":0},"end":{"line":42,"column":0}},"43":{"start":{"line":43,"column":0},"end":{"line":43,"column":0}},"44":{"start":{"line":44,"column":0},"end":{"line":44,"column":0}},"45":{"start":{"line":45,"column":0},"end":{"line":45,"column":0}},"46":{"start":{"line":46,"column":0},"end":{"line":46,"column":0}},"47":{"start":{"line":47,"column":0},"end":{"line":47,"column":0}},"48":{"start":{"line":48,"column":0},"end":{"line":48,"column":0}},"49":{"start":{"line":49,"column":0},"end":{"line":49,"column":0}},"50":{"start":{"line":50,"column":0},"end":{"line":50,"column":0}},"51":{"start":{"line":51,"column":0},"end":{"line":51,"column":0}},"52":{"start":{"line":52,"column":0},"end":{"line":52,"column":0}},"53":{"start":{"line":53,"column":0},"end":{"line":53,"column":0}},"54":{"start":{"line":54,"column":0},"end":{"line":54,"column":0}},"55":{"start":{"line":55,"column":0},"end":{"line":55,"column":0}},"56":{"start":{"line":56,"column":0},"end":{"line":56,"column":0}},"57":{"start":{"line":57,"column":0},"end":{"line":57,"column":0}},"58":{"start":{"line":58,"column":0},"end":{"line":58,"column":0}},"59":{"start":{"line":59,"column":0},"end":{"line":59,"column":0}},"60":{"start":{"line":60,"column":0},"end":{"line":60,"column":0}},"61":{"start":{"line":61,"column":0},"end":{"line":61,"column":0}},"62":{"start":{"line":62,"column":0},"end":{"line":62,"column":0}},"63":{"start":{"line":63,"column":0},"end":{"line":63,"column":0}},"64":{"start":{"line":64,"column":0},"end":{"line":64,"column":0}},"65":{"start":{"line":65,"column":0},"end":{"line":65,"column":0}},"66":{"start":{"line":66,"column":0},"end":{"line":66,"column":0}},"67":{"start":{"line":67,"column":0},"end":{"line":67,"column":0}},"68":{"start":{"line":68,"column":0},"end":{"line":68,"column":0}},"69":{"start":{"line":69,"column":0},"end":{"line":69,"column":0}},"70":{"start":{"line":70,"column":0},"end":{"line":70,"column":0}},"71":{"start":{"line":71,"column":0},"end":{"line":71,"column":0}},"72":{"start":{"line":72,"column":0},"end":{"line":72,"column":0}},"73":{"start":{"line":73,"column":0},"end":{"line":73,"column":0}},"74":{"start":{"line":74,"column":0},"end":{"line":74,"column":0}},"75":{"start":{"line":75,"column":0},"end":{"line":75,"column":0}},"90":{"start":{"line":90,"column":0},"end":{"line":90,"column":0}},"91":{"start":{"line":91,"column":0},"end":{"line":91,"column":0}},"101":{"start":{"line":101,"column":0},"end":{"line":101,"column":0}},"102":{"start":{"line":102,"column":0},"end":{"line":102,"column":0}}}}
,"no-map/MetadataService": {"fnMap":{},"branchMap":{},"path":"no-map/MetadataService","f":{},"b":{},"s":{"32":0,"33":1,"34":1,"35":1,"36":1,"37":1,"38":1,"39":1,"40":1,"41":1,"42":1,"43":1,"44":1,"45":1,"46":1,"47":1,"48":1,"49":1},"statementMap":{"32":{"start":{"line":32,"column":0},"end":{"line":32,"column":0}},"33":{"start":{"line":33,"column":0},"end":{"line":33,"column":0}},"34":{"start":{"line":34,"column":0},"end":{"line":34,"column":0}},"35":{"start":{"line":35,"column":0},"end":{"line":35,"column":0}},"36":{"start":{"line":36,"column":0},"end":{"line":36,"column":0}},"37":{"start":{"line":37,"column":0},"end":{"line":37,"column":0}},"38":{"start":{"line":38,"column":0},"end":{"line":38,"column":0}},"39":{"start":{"line":39,"column":0},"end":{"line":39,"column":0}},"40":{"start":{"line":40,"column":0},"end":{"line":40,"column":0}},"41":{"start":{"line":41,"column":0},"end":{"line":41,"column":0}},"42":{"start":{"line":42,"column":0},"end":{"line":42,"column":0}},"43":{"start":{"line":43,"column":0},"end":{"line":43,"column":0}},"44":{"start":{"line":44,"column":0},"end":{"line":44,"column":0}},"45":{"start":{"line":45,"column":0},"end":{"line":45,"column":0}},"46":{"start":{"line":46,"column":0},"end":{"line":46,"column":0}},"47":{"start":{"line":47,"column":0},"end":{"line":47,"column":0}},"48":{"start":{"line":48,"column":0},"end":{"line":48,"column":0}},"49":{"start":{"line":49,"column":0},"end":{"line":49,"column":0}}}}
,"no-map/OAuthInventoryIngest": {"fnMap":{},"branchMap":{},"path":"no-map/OAuthInventoryIngest","f":{},"b":{},"s":{"19":0,"20":0,"21":0,"22":1,"23":1,"24":1,"25":1,"26":1,"27":1,"28":1,"29":1,"30":1,"31":1,"32":1,"33":1,"34":1,"35":0,"36":1,"37":1,"38":1,"39":1,"40":1,"41":1,"42":1,"43":1,"44":1,"45":1,"46":1,"47":1,"48":1,"49":1,"50":1,"51":1,"52":1,"53":0,"54":1,"55":1,"56":1,"57":1,"58":1,"59":0,"60":1,"77":0,"78":0},"statementMap":{"19":{"start":{"line":19,"column":0},"end":{"line":19,"column":0}},"20":{"start":{"line":20,"column":0},"end":{"line":20,"column":0}},"21":{"start":{"line":21,"column":0},"end":{"line":21,"column":0}},"22":{"start":{"line":22,"column":0},"end":{"line":22,"column":0}},"23":{"start":{"line":23,"column":0},"end":{"line":23,"column":0}},"24":{"start":{"line":24,"column":0},"end":{"line":24,"column":0}},"25":{"start":{"line":25,"column":0},"end":{"line":25,"column":0}},"26":{"start":{"line":26,"column":0},"end":{"line":26,"column":0}},"27":{"start":{"line":27,"column":0},"end":{"line":27,"column":0}},"28":{"start":{"line":28,"column":0},"end":{"line":28,"column":0}},"29":{"start":{"line":29,"column":0},"end":{"line":29,"column":0}},"30":{"start":{"line":30,"column":0},"end":{"line":30,"column":0}},"31":{"start":{"line":31,"column":0},"end":{"line":31,"column":0}},"32":{"start":{"line":32,"column":0},"end":{"line":32,"column":0}},"33":{"start":{"line":33,"column":0},"end":{"line":33,"column":0}},"34":{"start":{"line":34,"column":0},"end":{"line":34,"column":0}},"35":{"start":{"line":35,"column":0},"end":{"line":35,"column":0}},"36":{"start":{"line":36,"column":0},"end":{"line":36,"column":0}},"37":{"start":{"line":37,"column":0},"end":{"line":37,"column":0}},"38":{"start":{"line":38,"column":0},"end":{"line":38,"column":0}},"39":{"start":{"line":39,"column":0},"end":{"line":39,"column":0}},"40":{"start":{"line":40,"column":0},"end":{"line":40,"column":0}},"41":{"start":{"line":41,"column":0},"end":{"line":41,"column":0}},"42":{"start":{"line":42,"column":0},"end":{"line":42,"column":0}},"43":{"start":{"line":43,"column":0},"end":{"line":43,"column":0}},"44":{"start":{"line":44,"column":0},"end":{"line":44,"column":0}},"45":{"start":{"line":45,"column":0},"end":{"line":45,"column":0}},"46":{"start":{"line":46,"column":0},"end":{"line":46,"column":0}},"47":{"start":{"line":47,"column":0},"end":{"line":47,"column":0}},"48":{"start":{"line":48,"column":0},"end":{"line":48,"column":0}},"49":{"start":{"line":49,"column":0},"end":{"line":49,"column":0}},"50":{"start":{"line":50,"column":0},"end":{"line":50,"column":0}},"51":{"start":{"line":51,"column":0},"end":{"line":51,"column":0}},"52":{"start":{"line":52,"column":0},"end":{"line":52,"column":0}},"53":{"start":{"line":53,"column":0},"end":{"line":53,"column":0}},"54":{"start":{"line":54,"column":0},"end":{"line":54,"column":0}},"55":{"start":{"line":55,"column":0},"end":{"line":55,"column":0}},"56":{"start":{"line":56,"column":0},"end":{"line":56,"column":0}},"57":{"start":{"line":57,"column":0},"end":{"line":57,"column":0}},"58":{"start":{"line":58,"column":0},"end":{"line":58,"column":0}},"59":{"start":{"line":59,"column":0},"end":{"line":59,"column":0}},"60":{"start":{"line":60,"column":0},"end":{"line":60,"column":0}},"77":{"start":{"line":77,"column":0},"end":{"line":77,"column":0}},"78":{"start":{"line":78,"column":0},"end":{"line":78,"column":0}}}}
,"no-map/PermissionChangeIngest": {"fnMap":{},"branchMap":{},"path":"no-map/PermissionChangeIngest","f":{},"b":{},"s":{"20":0,"21":0,"22":0,"23":1,"24":1,"25":1,"26":1,"27":0,"28":1,"29":1,"30":1,"31":1,"32":1},"statementMap":{"20":{"start":{"line":20,"column":0},"end":{"line":20,"column":0}},"21":{"start":{"line":21,"column":0},"end":{"line":21,"column":0}},"22":{"start":{"line":22,"column":0},"end":{"line":22,"column":0}},"23":{"start":{"line":23,"column":0},"end":{"line":23,"column":0}},"24":{"start":{"line":24,"column":0},"end":{"line":24,"column":0}},"25":{"start":{"line":25,"column":0},"end":{"line":25,"column":0}},"26":{"start":{"line":26,"column":0},"end":{"line":26,"column":0}},"27":{"start":{"line":27,"column":0},"end":{"line":27,"column":0}},"28":{"start":{"line":28,"column":0},"end":{"line":28,"column":0}},"29":{"start":{"line":29,"column":0},"end":{"line":29,"column":0}},"30":{"start":{"line":30,"column":0},"end":{"line":30,"column":0}},"31":{"start":{"line":31,"column":0},"end":{"line":31,"column":0}},"32":{"start":{"line":32,"column":0},"end":{"line":32,"column":0}}}}
,"no-map/PostureController": {"fnMap":{},"branchMap":{},"path":"no-map/PostureController","f":{},"b":{},"s":{"59":0,"60":1,"61":1,"62":0,"63":1,"64":1,"65":1,"66":1,"67":1,"68":1,"69":1,"70":1,"71":1,"72":1,"73":1,"74":1,"75":1,"76":1,"77":1,"78":1,"79":1,"80":1,"81":1,"82":1,"83":1,"84":1,"85":1,"86":1,"87":1,"88":1,"89":1,"90":1,"91":1,"92":1,"93":1,"94":1,"95":1,"96":1,"97":1,"98":1,"99":1,"100":1,"101":1,"102":1,"103":1,"104":1,"105":1,"106":1,"107":1,"108":1,"109":1,"110":1,"111":1,"112":1,"113":1,"114":1,"115":1,"116":1,"117":1,"118":1,"119":1,"120":1,"121":1,"122":1,"123":1,"124":1,"125":1,"126":1,"127":1,"128":1,"129":1,"130":1,"131":1,"132":1,"133":1},"statementMap":{"59":{"start":{"line":59,"column":0},"end":{"line":59,"column":0}},"60":{"start":{"line":60,"column":0},"end":{"line":60,"column":0}},"61":{"start":{"line":61,"column":0},"end":{"line":61,"column":0}},"62":{"start":{"line":62,"column":0},"end":{"line":62,"column":0}},"63":{"start":{"line":63,"column":0},"end":{"line":63,"column":0}},"64":{"start":{"line":64,"column":0},"end":{"line":64,"column":0}},"65":{"start":{"line":65,"column":0},"end":{"line":65,"column":0}},"66":{"start":{"line":66,"column":0},"end":{"line":66,"column":0}},"67":{"start":{"line":67,"column":0},"end":{"line":67,"column":0}},"68":{"start":{"line":68,"column":0},"end":{"line":68,"column":0}},"69":{"start":{"line":69,"column":0},"end":{"line":69,"column":0}},"70":{"start":{"line":70,"column":0},"end":{"line":70,"column":0}},"71":{"start":{"line":71,"column":0},"end":{"line":71,"column":0}},"72":{"start":{"line":72,"column":0},"end":{"line":72,"column":0}},"73":{"start":{"line":73,"column":0},"end":{"line":73,"column":0}},"74":{"start":{"line":74,"column":0},"end":{"line":74,"column":0}},"75":{"start":{"line":75,"column":0},"end":{"line":75,"column":0}},"76":{"start":{"line":76,"column":0},"end":{"line":76,"column":0}},"77":{"start":{"line":77,"column":0},"end":{"line":77,"column":0}},"78":{"start":{"line":78,"column":0},"end":{"line":78,"column":0}},"79":{"start":{"line":79,"column":0},"end":{"line":79,"column":0}},"80":{"start":{"line":80,"column":0},"end":{"line":80,"column":0}},"81":{"start":{"line":81,"column":0},"end":{"line":81,"column":0}},"82":{"start":{"line":82,"column":0},"end":{"line":82,"column":0}},"83":{"start":{"line":83,"column":0},"end":{"line":83,"column":0}},"84":{"start":{"line":84,"column":0},"end":{"line":84,"column":0}},"85":{"start":{"line":85,"column":0},"end":{"line":85,"column":0}},"86":{"start":{"line":86,"column":0},"end":{"line":86,"column":0}},"87":{"start":{"line":87,"column":0},"end":{"line":87,"column":0}},"88":{"start":{"line":88,"column":0},"end":{"line":88,"column":0}},"89":{"start":{"line":89,"column":0},"end":{"line":89,"column":0}},"90":{"start":{"line":90,"column":0},"end":{"line":90,"column":0}},"91":{"start":{"line":91,"column":0},"end":{"line":91,"column":0}},"92":{"start":{"line":92,"column":0},"end":{"line":92,"column":0}},"93":{"start":{"line":93,"column":0},"end":{"line":93,"column":0}},"94":{"start":{"line":94,"column":0},"end":{"line":94,"column":0}},"95":{"start":{"line":95,"column":0},"end":{"line":95,"column":0}},"96":{"start":{"line":96,"column":0},"end":{"line":96,"column":0}},"97":{"start":{"line":97,"column":0},"end":{"line":97,"column":0}},"98":{"start":{"line":98,"column":0},"end":{"line":98,"column":0}},"99":{"start":{"line":99,"column":0},"end":{"line":99,"column":0}},"100":{"start":{"line":100,"column":0},"end":{"line":100,"column":0}},"101":{"start":{"line":101,"column":0},"end":{"line":101,"column":0}},"102":{"start":{"line":102,"column":0},"end":{"line":102,"column":0}},"103":{"start":{"line":103,"column":0},"end":{"line":103,"column":0}},"104":{"start":{"line":104,"column":0},"end":{"line":104,"column":0}},"105":{"start":{"line":105,"column":0},"end":{"line":105,"column":0}},"106":{"start":{"line":106,"column":0},"end":{"line":106,"column":0}},"107":{"start":{"line":107,"column":0},"end":{"line":107,"column":0}},"108":{"start":{"line":108,"column":0},"end":{"line":108,"column":0}},"109":{"start":{"line":109,"column":0},"end":{"line":109,"column":0}},"110":{"start":{"line":110,"column":0},"end":{"line":110,"column":0}},"111":{"start":{"line":111,"column":0},"end":{"line":111,"column":0}},"112":{"start":{"line":112,"column":0},"end":{"line":112,"column":0}},"113":{"start":{"line":113,"column":0},"end":{"line":113,"column":0}},"114":{"start":{"line":114,"column":0},"end":{"line":114,"column":0}},"115":{"start":{"line":115,"column":0},"end":{"line":115,"column":0}},"116":{"start":{"line":116,"column":0},"end":{"line":116,"column":0}},"117":{"start":{"line":117,"column":0},"end":{"line":117,"column":0}},"118":{"start":{"line":118,"column":0},"end":{"line":118,"column":0}},"119":{"start":{"line":119,"column":0},"end":{"line":119,"column":0}},"120":{"start":{"line":120,"column":0},"end":{"line":120,"column":0}},"121":{"start":{"line":121,"column":0},"end":{"line":121,"column":0}},"122":{"start":{"line":122,"column":0},"end":{"line":122,"column":0}},"123":{"start":{"line":123,"column":0},"end":{"line":123,"column":0}},"124":{"start":{"line":124,"column":0},"end":{"line":124,"column":0}},"125":{"start":{"line":125,"column":0},"end":{"line":125,"column":0}},"126":{"start":{"line":126,"column":0},"end":{"line":126,"column":0}},"127":{"start":{"line":127,"column":0},"end":{"line":127,"column":0}},"128":{"start":{"line":128,"column":0},"end":{"line":128,"column":0}},"129":{"start":{"line":129,"column":0},"end":{"line":129,"column":0}},"130":{"start":{"line":130,"column":0},"end":{"line":130,"column":0}},"131":{"start":{"line":131,"column":0},"end":{"line":131,"column":0}},"132":{"start":{"line":132,"column":0},"end":{"line":132,"column":0}},"133":{"start":{"line":133,"column":0},"end":{"line":133,"column":0}}}}
[...]
,"no-map/SecOpsConstants": {"fnMap":{},"branchMap":{},"path":"no-map/SecOpsConstants","f":{},"b":{},"s":{"46":0,"47":1,"48":1,"49":1,"50":1,"51":1,"52":1,"53":1,"54":1,"55":1},"statementMap":{"46":{"start":{"line":46,"column":0},"end":{"line":46,"column":0}},"47":{"start":{"line":47,"column":0},"end":{"line":47,"column":0}},"48":{"start":{"line":48,"column":0},"end":{"line":48,"column":0}},"49":{"start":{"line":49,"column":0},"end":{"line":49,"column":0}},"50":{"start":{"line":50,"column":0},"end":{"line":50,"column":0}},"51":{"start":{"line":51,"column":0},"end":{"line":51,"column":0}},"52":{"start":{"line":52,"column":0},"end":{"line":52,"column":0}},"53":{"start":{"line":53,"column":0},"end":{"line":53,"column":0}},"54":{"start":{"line":54,"column":0},"end":{"line":54,"column":0}},"55":{"start":{"line":55,"column":0},"end":{"line":55,"column":0}}}}
,"no-map/SecOpsScheduleController": {"fnMap":{},"branchMap":{},"path":"no-map/SecOpsScheduleController","f":{},"b":{},"s":{"22":0,"23":1,"24":1,"25":1,"26":1,"27":1,"28":1,"29":1,"30":1,"31":1,"32":1,"33":1,"34":1,"35":1,"36":1,"37":1,"38":1,"39":1,"40":1,"41":0,"42":0,"43":1,"44":1,"45":1,"46":1,"47":1,"48":1,"49":1,"50":1,"51":1,"52":1,"53":1,"54":1,"55":1,"56":1,"57":1,"58":1,"59":1,"60":1,"61":1,"62":1,"63":1,"64":1,"65":1,"66":1,"67":1,"68":1,"69":0,"70":1,"71":1,"72":1,"73":1,"74":0,"75":0,"93":0,"94":0,"129":0},"statementMap":{"22":{"start":{"line":22,"column":0},"end":{"line":22,"column":0}},"23":{"start":{"line":23,"column":0},"end":{"line":23,"column":0}},"24":{"start":{"line":24,"column":0},"end":{"line":24,"column":0}},"25":{"start":{"line":25,"column":0},"end":{"line":25,"column":0}},"26":{"start":{"line":26,"column":0},"end":{"line":26,"column":0}},"27":{"start":{"line":27,"column":0},"end":{"line":27,"column":0}},"28":{"start":{"line":28,"column":0},"end":{"line":28,"column":0}},"29":{"start":{"line":29,"column":0},"end":{"line":29,"column":0}},"30":{"start":{"line":30,"column":0},"end":{"line":30,"column":0}},"31":{"start":{"line":31,"column":0},"end":{"line":31,"column":0}},"32":{"start":{"line":32,"column":0},"end":{"line":32,"column":0}},"33":{"start":{"line":33,"column":0},"end":{"line":33,"column":0}},"34":{"start":{"line":34,"column":0},"end":{"line":34,"column":0}},"35":{"start":{"line":35,"column":0},"end":{"line":35,"column":0}},"36":{"start":{"line":36,"column":0},"end":{"line":36,"column":0}},"37":{"start":{"line":37,"column":0},"end":{"line":37,"column":0}},"38":{"start":{"line":38,"column":0},"end":{"line":38,"column":0}},"39":{"start":{"line":39,"column":0},"end":{"line":39,"column":0}},"40":{"start":{"line":40,"column":0},"end":{"line":40,"column":0}},"41":{"start":{"line":41,"column":0},"end":{"line":41,"column":0}},"42":{"start":{"line":42,"column":0},"end":{"line":42,"column":0}},"43":{"start":{"line":43,"column":0},"end":{"line":43,"column":0}},"44":{"start":{"line":44,"column":0},"end":{"line":44,"column":0}},"45":{"start":{"line":45,"column":0},"end":{"line":45,"column":0}},"46":{"start":{"line":46,"column":0},"end":{"line":46,"column":0}},"47":{"start":{"line":47,"column":0},"end":{"line":47,"column":0}},"48":{"start":{"line":48,"column":0},"end":{"line":48,"column":0}},"49":{"start":{"line":49,"column":0},"end":{"line":49,"column":0}},"50":{"start":{"line":50,"column":0},"end":{"line":50,"column":0}},"51":{"start":{"line":51,"column":0},"end":{"line":51,"column":0}},"52":{"start":{"line":52,"column":0},"end":{"line":52,"column":0}},"53":{"start":{"line":53,"column":0},"end":{"line":53,"column":0}},"54":{"start":{"line":54,"column":0},"end":{"line":54,"column":0}},"55":{"start":{"line":55,"column":0},"end":{"line":55,"column":0}},"56":{"start":{"line":56,"column":0},"end":{"line":56,"column":0}},"57":{"start":{"line":57,"column":0},"end":{"line":57,"column":0}},"58":{"start":{"line":58,"column":0},"end":{"line":58,"column":0}},"59":{"start":{"line":59,"column":0},"end":{"line":59,"column":0}},"60":{"start":{"line":60,"column":0},"end":{"line":60,"column":0}},"61":{"start":{"line":61,"column":0},"end":{"line":61,"column":0}},"62":{"start":{"line":62,"column":0},"end":{"line":62,"column":0}},"63":{"start":{"line":63,"column":0},"end":{"line":63,"column":0}},"64":{"start":{"line":64,"column":0},"end":{"line":64,"column":0}},"65":{"start":{"line":65,"column":0},"end":{"line":65,"column":0}},"66":{"start":{"line":66,"column":0},"end":{"line":66,"column":0}},"67":{"start":{"line":67,"column":0},"end":{"line":67,"column":0}},"68":{"start":{"line":68,"column":0},"end":{"line":68,"column":0}},"69":{"start":{"line":69,"column":0},"end":{"line":69,"column":0}},"70":{"start":{"line":70,"column":0},"end":{"line":70,"column":0}},"71":{"start":{"line":71,"column":0},"end":{"line":71,"column":0}},"72":{"start":{"line":72,"column":0},"end":{"line":72,"column":0}},"73":{"start":{"line":73,"column":0},"end":{"line":73,"column":0}},"74":{"start":{"line":74,"column":0},"end":{"line":74,"column":0}},"75":{"start":{"line":75,"column":0},"end":{"line":75,"column":0}},"93":{"start":{"line":93,"column":0},"end":{"line":93,"column":0}},"94":{"start":{"line":94,"column":0},"end":{"line":94,"column":0}},"129":{"start":{"line":129,"column":0},"end":{"line":129,"column":0}}}}
,"no-map/SecOpsScheduledBaselineRefresh": {"fnMap":{},"branchMap":{},"path":"no-map/SecOpsScheduledBaselineRefresh","f":{},"b":{},"s":{"1":1,"2":1},"statementMap":{"1":{"start":{"line":1,"column":0},"end":{"line":1,"column":0}},"2":{"start":{"line":2,"column":0},"end":{"line":2,"column":0}}}}
,"no-map/SecOpsScheduledCleanup": {"fnMap":{},"branchMap":{},"path":"no-map/SecOpsScheduledCleanup","f":{},"b":{},"s":{"20":0,"21":1,"22":1,"23":1,"24":1},"statementMap":{"20":{"start":{"line":20,"column":0},"end":{"line":20,"column":0}},"21":{"start":{"line":21,"column":0},"end":{"line":21,"column":0}},"22":{"start":{"line":22,"column":0},"end":{"line":22,"column":0}},"23":{"start":{"line":23,"column":0},"end":{"line":23,"column":0}},"24":{"start":{"line":24,"column":0},"end":{"line":24,"column":0}}}}
,"no-map/SecOpsScheduledRunner": {"fnMap":{},"branchMap":{},"path":"no-map/SecOpsScheduledRunner","f":{},"b":{},"s":{"23":0,"24":1,"25":1,"26":1,"27":1,"28":1,"29":1,"30":1,"31":1,"32":1,"33":1,"34":1,"35":1,"36":1,"37":1},"statementMap":{"23":{"start":{"line":23,"column":0},"end":{"line":23,"column":0}},"24":{"start":{"line":24,"column":0},"end":{"line":24,"column":0}},"25":{"start":{"line":25,"column":0},"end":{"line":25,"column":0}},"26":{"start":{"line":26,"column":0},"end":{"line":26,"column":0}},"27":{"start":{"line":27,"column":0},"end":{"line":27,"column":0}},"28":{"start":{"line":28,"column":0},"end":{"line":28,"column":0}},"29":{"start":{"line":29,"column":0},"end":{"line":29,"column":0}},"30":{"start":{"line":30,"column":0},"end":{"line":30,"column":0}},"31":{"start":{"line":31,"column":0},"end":{"line":31,"column":0}},"32":{"start":{"line":32,"column":0},"end":{"line":32,"column":0}},"33":{"start":{"line":33,"column":0},"end":{"line":33,"column":0}},"34":{"start":{"line":34,"column":0},"end":{"line":34,"column":0}},"35":{"start":{"line":35,"column":0},"end":{"line":35,"column":0}},"36":{"start":{"line":36,"column":0},"end":{"line":36,"column":0}},"37":{"start":{"line":37,"column":0},"end":{"line":37,"column":0}}}}
,"no-map/SetupAuditIngest": {"fnMap":{},"branchMap":{},"path":"no-map/SetupAuditIngest","f":{},"b":{},"s":{"20":0,"21":0,"22":0,"23":1,"24":1,"25":1,"26":1,"27":0,"28":1,"29":1,"30":1,"31":1,"32":1,"33":1,"34":1,"35":1,"36":1,"37":1,"38":1,"39":0,"40":0,"41":1,"42":1,"43":1,"44":1,"45":1,"46":1,"47":1,"48":1,"49":1,"59":0},"statementMap":{"20":{"start":{"line":20,"column":0},"end":{"line":20,"column":0}},"21":{"start":{"line":21,"column":0},"end":{"line":21,"column":0}},"22":{"start":{"line":22,"column":0},"end":{"line":22,"column":0}},"23":{"start":{"line":23,"column":0},"end":{"line":23,"column":0}},"24":{"start":{"line":24,"column":0},"end":{"line":24,"column":0}},"25":{"start":{"line":25,"column":0},"end":{"line":25,"column":0}},"26":{"start":{"line":26,"column":0},"end":{"line":26,"column":0}},"27":{"start":{"line":27,"column":0},"end":{"line":27,"column":0}},"28":{"start":{"line":28,"column":0},"end":{"line":28,"column":0}},"29":{"start":{"line":29,"column":0},"end":{"line":29,"column":0}},"30":{"start":{"line":30,"column":0},"end":{"line":30,"column":0}},"31":{"start":{"line":31,"column":0},"end":{"line":31,"column":0}},"32":{"start":{"line":32,"column":0},"end":{"line":32,"column":0}},"33":{"start":{"line":33,"column":0},"end":{"line":33,"column":0}},"34":{"start":{"line":34,"column":0},"end":{"line":34,"column":0}},"35":{"start":{"line":35,"column":0},"end":{"line":35,"column":0}},"36":{"start":{"line":36,"column":0},"end":{"line":36,"column":0}},"37":{"start":{"line":37,"column":0},"end":{"line":37,"column":0}},"38":{"start":{"line":38,"column":0},"end":{"line":38,"column":0}},"39":{"start":{"line":39,"column":0},"end":{"line":39,"column":0}},"40":{"start":{"line":40,"column":0},"end":{"line":40,"column":0}},"41":{"start":{"line":41,"column":0},"end":{"line":41,"column":0}},"42":{"start":{"line":42,"column":0},"end":{"line":42,"column":0}},"43":{"start":{"line":43,"column":0},"end":{"line":43,"column":0}},"44":{"start":{"line":44,"column":0},"end":{"line":44,"column":0}},"45":{"start":{"line":45,"column":0},"end":{"line":45,"column":0}},"46":{"start":{"line":46,"column":0},"end":{"line":46,"column":0}},"47":{"start":{"line":47,"column":0},"end":{"line":47,"column":0}},"48":{"start":{"line":48,"column":0},"end":{"line":48,"column":0}},"49":{"start":{"line":49,"column":0},"end":{"line":49,"column":0}},"59":{"start":{"line":59,"column":0},"end":{"line":59,"column":0}}}}
,"no-map/UserBaselineRefresh": {"fnMap":{},"branchMap":{},"path":"no-map/UserBaselineRefresh","f":{},"b":{},"s":{"29":0,"30":0,"31":1,"32":1,"33":1,"34":1,"35":1,"36":1,"37":1,"38":1,"39":1,"40":1,"41":1,"42":1,"43":1,"44":1,"45":1,"46":1,"47":0,"48":1,"49":1,"50":0,"51":1,"52":0,"53":1,"54":1,"55":1,"56":0,"57":1,"58":1,"59":1,"60":1,"61":1,"62":1,"63":1,"79":0,"91":0},"statementMap":{"29":{"start":{"line":29,"column":0},"end":{"line":29,"column":0}},"30":{"start":{"line":30,"column":0},"end":{"line":30,"column":0}},"31":{"start":{"line":31,"column":0},"end":{"line":31,"column":0}},"32":{"start":{"line":32,"column":0},"end":{"line":32,"column":0}},"33":{"start":{"line":33,"column":0},"end":{"line":33,"column":0}},"34":{"start":{"line":34,"column":0},"end":{"line":34,"column":0}},"35":{"start":{"line":35,"column":0},"end":{"line":35,"column":0}},"36":{"start":{"line":36,"column":0},"end":{"line":36,"column":0}},"37":{"start":{"line":37,"column":0},"end":{"line":37,"column":0}},"38":{"start":{"line":38,"column":0},"end":{"line":38,"column":0}},"39":{"start":{"line":39,"column":0},"end":{"line":39,"column":0}},"40":{"start":{"line":40,"column":0},"end":{"line":40,"column":0}},"41":{"start":{"line":41,"column":0},"end":{"line":41,"column":0}},"42":{"start":{"line":42,"column":0},"end":{"line":42,"column":0}},"43":{"start":{"line":43,"column":0},"end":{"line":43,"column":0}},"44":{"start":{"line":44,"column":0},"end":{"line":44,"column":0}},"45":{"start":{"line":45,"column":0},"end":{"line":45,"column":0}},"46":{"start":{"line":46,"column":0},"end":{"line":46,"column":0}},"47":{"start":{"line":47,"column":0},"end":{"line":47,"column":0}},"48":{"start":{"line":48,"column":0},"end":{"line":48,"column":0}},"49":{"start":{"line":49,"column":0},"end":{"line":49,"column":0}},"50":{"start":{"line":50,"column":0},"end":{"line":50,"column":0}},"51":{"start":{"line":51,"column":0},"end":{"line":51,"column":0}},"52":{"start":{"line":52,"column":0},"end":{"line":52,"column":0}},"53":{"start":{"line":53,"column":0},"end":{"line":53,"column":0}},"54":{"start":{"line":54,"column":0},"end":{"line":54,"column":0}},"55":{"start":{"line":55,"column":0},"end":{"line":55,"column":0}},"56":{"start":{"line":56,"column":0},"end":{"line":56,"column":0}},"57":{"start":{"line":57,"column":0},"end":{"line":57,"column":0}},"58":{"start":{"line":58,"column":0},"end":{"line":58,"column":0}},"59":{"start":{"line":59,"column":0},"end":{"line":59,"column":0}},"60":{"start":{"line":60,"column":0},"end":{"line":60,"column":0}},"61":{"start":{"line":61,"column":0},"end":{"line":61,"column":0}},"62":{"start":{"line":62,"column":0},"end":{"line":62,"column":0}},"63":{"start":{"line":63,"column":0},"end":{"line":63,"column":0}},"79":{"start":{"line":79,"column":0},"end":{"line":79,"column":0}},"91":{"start":{"line":91,"column":0},"end":{"line":91,"column":0}}}}
,"no-map/WorkflowController": {"fnMap":{},"branchMap":{},"path":"no-map/WorkflowController","f":{},"b":{},"s":{"51":0,"52":1,"53":1,"54":1,"55":1,"56":1,"57":1,"58":1,"59":1,"60":1,"61":1,"62":1,"63":1,"64":1,"65":1,"66":1,"67":1,"68":1,"69":1,"70":1,"71":0,"72":1,"73":1,"74":1,"75":1,"76":1,"77":1,"78":1,"79":1,"80":1,"81":1,"82":1,"83":1,"84":1,"85":1,"86":1,"87":1,"88":1,"89":1,"90":1,"91":1,"92":1,"93":1,"94":1,"95":1,"96":0,"97":1,"98":1,"99":1,"100":1,"101":1,"102":1,"103":1,"104":1,"105":1,"106":0,"107":0,"108":1,"109":1,"110":1,"111":1,"112":1,"113":1,"114":1,"115":1,"116":1,"117":1,"118":1,"119":1,"120":1,"121":1,"122":1,"123":1,"124":1,"125":1,"126":1,"127":1,"128":1,"129":1,"130":1,"131":1,"132":1,"133":1,"134":1,"135":1,"136":1,"168":0,"169":0,"205":0},"statementMap":{"51":{"start":{"line":51,"column":0},"end":{"line":51,"column":0}},"52":{"start":{"line":52,"column":0},"end":{"line":52,"column":0}},"53":{"start":{"line":53,"column":0},"end":{"line":53,"column":0}},"54":{"start":{"line":54,"column":0},"end":{"line":54,"column":0}},"55":{"start":{"line":55,"column":0},"end":{"line":55,"column":0}},"56":{"start":{"line":56,"column":0},"end":{"line":56,"column":0}},"57":{"start":{"line":57,"column":0},"end":{"line":57,"column":0}},"58":{"start":{"line":58,"column":0},"end":{"line":58,"column":0}},"59":{"start":{"line":59,"column":0},"end":{"line":59,"column":0}},"60":{"start":{"line":60,"column":0},"end":{"line":60,"column":0}},"61":{"start":{"line":61,"column":0},"end":{"line":61,"column":0}},"62":{"start":{"line":62,"column":0},"end":{"line":62,"column":0}},"63":{"start":{"line":63,"column":0},"end":{"line":63,"column":0}},"64":{"start":{"line":64,"column":0},"end":{"line":64,"column":0}},"65":{"start":{"line":65,"column":0},"end":{"line":65,"column":0}},"66":{"start":{"line":66,"column":0},"end":{"line":66,"column":0}},"67":{"start":{"line":67,"column":0},"end":{"line":67,"column":0}},"68":{"start":{"line":68,"column":0},"end":{"line":68,"column":0}},"69":{"start":{"line":69,"column":0},"end":{"line":69,"column":0}},"70":{"start":{"line":70,"column":0},"end":{"line":70,"column":0}},"71":{"start":{"line":71,"column":0},"end":{"line":71,"column":0}},"72":{"start":{"line":72,"column":0},"end":{"line":72,"column":0}},"73":{"start":{"line":73,"column":0},"end":{"line":73,"column":0}},"74":{"start":{"line":74,"column":0},"end":{"line":74,"column":0}},"75":{"start":{"line":75,"column":0},"end":{"line":75,"column":0}},"76":{"start":{"line":76,"column":0},"end":{"line":76,"column":0}},"77":{"start":{"line":77,"column":0},"end":{"line":77,"column":0}},"78":{"start":{"line":78,"column":0},"end":{"line":78,"column":0}},"79":{"start":{"line":79,"column":0},"end":{"line":79,"column":0}},"80":{"start":{"line":80,"column":0},"end":{"line":80,"column":0}},"81":{"start":{"line":81,"column":0},"end":{"line":81,"column":0}},"82":{"start":{"line":82,"column":0},"end":{"line":82,"column":0}},"83":{"start":{"line":83,"column":0},"end":{"line":83,"column":0}},"84":{"start":{"line":84,"column":0},"end":{"line":84,"column":0}},"85":{"start":{"line":85,"column":0},"end":{"line":85,"column":0}},"86":{"start":{"line":86,"column":0},"end":{"line":86,"column":0}},"87":{"start":{"line":87,"column":0},"end":{"line":87,"column":0}},"88":{"start":{"line":88,"column":0},"end":{"line":88,"column":0}},"89":{"start":{"line":89,"column":0},"end":{"line":89,"column":0}},"90":{"start":{"line":90,"column":0},"end":{"line":90,"column":0}},"91":{"start":{"line":91,"column":0},"end":{"line":91,"column":0}},"92":{"start":{"line":92,"column":0},"end":{"line":92,"column":0}},"93":{"start":{"line":93,"column":0},"end":{"line":93,"column":0}},"94":{"start":{"line":94,"column":0},"end":{"line":94,"column":0}},"95":{"start":{"line":95,"column":0},"end":{"line":95,"column":0}},"96":{"start":{"line":96,"column":0},"end":{"line":96,"column":0}},"97":{"start":{"line":97,"column":0},"end":{"line":97,"column":0}},"98":{"start":{"line":98,"column":0},"end":{"line":98,"column":0}},"99":{"start":{"line":99,"column":0},"end":{"line":99,"column":0}},"100":{"start":{"line":100,"column":0},"end":{"line":100,"column":0}},"101":{"start":{"line":101,"column":0},"end":{"line":101,"column":0}},"102":{"start":{"line":102,"column":0},"end":{"line":102,"column":0}},"103":{"start":{"line":103,"column":0},"end":{"line":103,"column":0}},"104":{"start":{"line":104,"column":0},"end":{"line":104,"column":0}},"105":{"start":{"line":105,"column":0},"end":{"line":105,"column":0}},"106":{"start":{"line":106,"column":0},"end":{"line":106,"column":0}},"107":{"start":{"line":107,"column":0},"end":{"line":107,"column":0}},"108":{"start":{"line":108,"column":0},"end":{"line":108,"column":0}},"109":{"start":{"line":109,"column":0},"end":{"line":109,"column":0}},"110":{"start":{"line":110,"column":0},"end":{"line":110,"column":0}},"111":{"start":{"line":111,"column":0},"end":{"line":111,"column":0}},"112":{"start":{"line":112,"column":0},"end":{"line":112,"column":0}},"113":{"start":{"line":113,"column":0},"end":{"line":113,"column":0}},"114":{"start":{"line":114,"column":0},"end":{"line":114,"column":0}},"115":{"start":{"line":115,"column":0},"end":{"line":115,"column":0}},"116":{"start":{"line":116,"column":0},"end":{"line":116,"column":0}},"117":{"start":{"line":117,"column":0},"end":{"line":117,"column":0}},"118":{"start":{"line":118,"column":0},"end":{"line":118,"column":0}},"119":{"start":{"line":119,"column":0},"end":{"line":119,"column":0}},"120":{"start":{"line":120,"column":0},"end":{"line":120,"column":0}},"121":{"start":{"line":121,"column":0},"end":{"line":121,"column":0}},"122":{"start":{"line":122,"column":0},"end":{"line":122,"column":0}},"123":{"start":{"line":123,"column":0},"end":{"line":123,"column":0}},"124":{"start":{"line":124,"column":0},"end":{"line":124,"column":0}},"125":{"start":{"line":125,"column":0},"end":{"line":125,"column":0}},"126":{"start":{"line":126,"column":0},"end":{"line":126,"column":0}},"127":{"start":{"line":127,"column":0},"end":{"line":127,"column":0}},"128":{"start":{"line":128,"column":0},"end":{"line":128,"column":0}},"129":{"start":{"line":129,"column":0},"end":{"line":129,"column":0}},"130":{"start":{"line":130,"column":0},"end":{"line":130,"column":0}},"131":{"start":{"line":131,"column":0},"end":{"line":131,"column":0}},"132":{"start":{"line":132,"column":0},"end":{"line":132,"column":0}},"133":{"start":{"line":133,"column":0},"end":{"line":133,"column":0}},"134":{"start":{"line":134,"column":0},"end":{"line":134,"column":0}},"135":{"start":{"line":135,"column":0},"end":{"line":135,"column":0}},"136":{"start":{"line":136,"column":0},"end":{"line":136,"column":0}},"168":{"start":{"line":168,"column":0},"end":{"line":168,"column":0}},"169":{"start":{"line":169,"column":0},"end":{"line":169,"column":0}},"205":{"start":{"line":205,"column":0},"end":{"line":205,"column":0}}}}
}
